This is LuaHBTeX, Version 1.15.0 (TeX Live 2022/CVE-2023-32700 patched)  (format=lualatex 2023.12.3)  23 JAN 2024 16:50
 system commands enabled.
**article
(./article.tex
LaTeX2e <2022-06-01> patch level 5
Lua module: luaotfload 2022-10-03 3.23 Lua based OpenType font support
Lua module: lualibs 2022-10-04 2.75 ConTeXt Lua standard libraries.
Lua module: lualibs-extended 2022-10-04 2.75 ConTeXt Lua libraries -- extended c
ollection.
luaotfload | conf : Root cache directory is "/home/peter/.texlive2022/texmf-var/
luatex-cache/generic/names".
luaotfload | init : Loading fontloader "fontloader-2022-10-03.lua" from kpse-res
olved path "/usr/share/texlive/texmf-dist/tex/luatex/luaotfload/fontloader-2022-
10-03.lua".
Lua-only attribute luaotfload@noligature = 1
luaotfload | init : Context OpenType loader version 3.120
Inserting `luaotfload.node_processor' at position 1 in `pre_linebreak_filter'.
Inserting `luaotfload.node_processor' at position 1 in `hpack_filter'.
Inserting `luaotfload.glyph_stream' at position 1 in `glyph_stream_provider'.
Inserting `luaotfload.define_font' at position 1 in `define_font'.
Lua-only attribute luaotfload_color_attribute = 2
luaotfload | conf : Root cache directory is "/home/peter/.texlive2022/texmf-var/
luatex-cache/generic/names".
Inserting `luaotfload.harf.strip_prefix' at position 1 in `find_opentype_file'.
Inserting `luaotfload.harf.strip_prefix' at position 1 in `find_truetype_file'.
Removing  `luaotfload.glyph_stream' from `glyph_stream_provider'.
Inserting `luaotfload.harf.glyphstream' at position 1 in `glyph_stream_provider'
.
Inserting `luaotfload.harf.finalize_vlist' at position 1 in `post_linebreak_filt
er'.
Inserting `luaotfload.harf.finalize_hlist' at position 2 in `hpack_filter'.
Inserting `luaotfload.cleanup_files' at position 1 in `wrapup_run'.
Inserting `luaotfload.harf.finalize_unicode' at position 1 in `finish_pdffile'.
Inserting `luaotfload.glyphinfo' at position 1 in `glyph_info'.
Lua-only attribute luaotfload.letterspace_done = 3
Inserting `luaotfload.aux.set_sscale_dimens' at position 1 in `luaotfload.patch_
font'.
Inserting `luaotfload.aux.set_font_index' at position 2 in `luaotfload.patch_fon
t'.
Inserting `luaotfload.aux.patch_cambria_domh' at position 3 in `luaotfload.patch
_font'.
Inserting `luaotfload.aux.fixup_fontdata' at position 1 in `luaotfload.patch_fon
t_unsafe'.
Inserting `luaotfload.aux.set_capheight' at position 4 in `luaotfload.patch_font
'.
Inserting `luaotfload.aux.set_xheight' at position 5 in `luaotfload.patch_font'.
Inserting `luaotfload.rewrite_fontname' at position 6 in `luaotfload.patch_font'
. L3 programming layer <2022-12-17>
Inserting `tracingstacklevels' at position 1 in `input_level_string'. (./WileyN
JD-v2.cls
Document Class: WileyNJD-v2 2017/06/23 v0.2 Standard LaTeX document class for J
ournal
\job@temptoken=\toks16
(/usr/share/texlive/texmf-dist/tex/latex/base/article.cls
Document Class: article 2021/10/04 v1.4n Standard LaTeX document class
(/usr/share/texlive/texmf-dist/tex/latex/base/fleqn.clo
File: fleqn.clo 2016/12/29 v1.2b Standard LaTeX option (flush left equations)
\mathindent=\skip47
Applying: [2015/01/01] Make \[ robust on input line 50.
LaTeX Info: Redefining \[ on input line 51.
Already applied: [0000/00/00] Make \[ robust on input line 62.
Applying: [2015/01/01] Make \] robust on input line 74.
LaTeX Info: Redefining \] on input line 75.
Already applied: [0000/00/00] Make \] robust on input line 83.
)
(/usr/share/texlive/texmf-dist/tex/latex/base/size10.clo
File: size10.clo 2021/10/04 v1.4n Standard LaTeX file (size option)
luaotfload | db : Font names database loaded from /home/peter/.texlive2022/texmf
-var/luatex-cache/generic/names/luaotfload-names.luc.gz)
\c@part=\count183
\c@section=\count184
\c@subsection=\count185
\c@subsubsection=\count186
\c@paragraph=\count187
\c@subparagraph=\count188
\c@figure=\count189
\c@table=\count190
\abovecaptionskip=\skip48
\belowcaptionskip=\skip49
\bibindent=\dimen139
)
(/usr/share/texlive/texmf-dist/tex/latex/etex-pkg/etex.sty
Package: etex 2016/08/01 v2.7 eTeX basic definition package (PEB,DPC)
\et@xins=\count191
)
(/usr/share/texlive/texmf-dist/tex/latex/graphics/graphicx.sty
Package: graphicx 2021/09/16 v1.2d Enhanced LaTeX Graphics (DPC,SPQR)

(/usr/share/texlive/texmf-dist/tex/latex/graphics/keyval.sty
Package: keyval 2022/05/29 v1.15 key=value parser (DPC)
\KV@toks@=\toks17
)
(/usr/share/texlive/texmf-dist/tex/latex/graphics/graphics.sty
Package: graphics 2022/03/10 v1.4e Standard LaTeX Graphics (DPC,SPQR)

(/usr/share/texlive/texmf-dist/tex/latex/graphics/trig.sty
Package: trig 2021/08/11 v1.11 sin cos tan (DPC)
)
(/usr/share/texlive/texmf-dist/tex/latex/graphics-cfg/graphics.cfg
File: graphics.cfg 2016/06/04 v1.11 sample graphics configuration
)
Package graphics Info: Driver file: luatex.def on input line 107.

(/usr/share/texlive/texmf-dist/tex/latex/graphics-def/luatex.def
File: luatex.def 2022/09/22 v1.2d Graphics/color driver for luatex
))
\Gin@req@height=\dimen140
\Gin@req@width=\dimen141
)
(/usr/share/texlive/texmf-dist/tex/latex/tools/multicol.sty
Package: multicol 2021/11/30 v1.9d multicolumn formatting (FMi)
Normal \count register pool exhausted, switching to extended pool.
\c@tracingmulticols=\count277
\mult@box=\box51
\multicol@leftmargin=\dimen142
\c@unbalance=\count278
\c@collectmore=\count279
\doublecol@number=\count280
\multicoltolerance=\count281
\multicolpretolerance=\count282
\full@width=\dimen143
\page@free=\dimen144
\premulticols=\dimen145
\postmulticols=\dimen146
\multicolsep=\skip50
\multicolbaselineskip=\skip51
\partial@page=\box52
\last@line=\box53
\maxbalancingoverflow=\dimen147
\mult@rightbox=\box54
\mult@grightbox=\box55
\mult@firstbox=\box56
\mult@gfirstbox=\box57
\@tempa=\box58
\@tempa=\box59
\@tempa=\box60
\@tempa=\box61
\@tempa=\box62
\@tempa=\box63
\@tempa=\box64
\@tempa=\box65
\@tempa=\box66
\@tempa=\box67
\@tempa=\box68
\@tempa=\box69
\@tempa=\box70
\@tempa=\box71
\@tempa=\box72
\@tempa=\box73
\@tempa=\box74
\@tempa=\box75
\@tempa=\box76
\@tempa=\box77
\@tempa=\box78
\@tempa=\box79
\@tempa=\box80
\@tempa=\box81
\@tempa=\box82
\@tempa=\box83
\@tempa=\box84
\@tempa=\box85
\@tempa=\box86
\@tempa=\box87
\@tempa=\box88
\@tempa=\box89
\@tempa=\box90
\@tempa=\box91
\@tempa=\box92
\@tempa=\box93
\c@minrows=\count283
\c@columnbadness=\count284
\c@finalcolumnbadness=\count285
\last@try=\dimen148
\multicolovershoot=\dimen149
\multicolundershoot=\dimen150
\mult@nat@firstbox=\box94
\colbreak@box=\box95
\mc@col@check@num=\count286
)
(/usr/share/texlive/texmf-dist/tex/latex/multirow/multirow.sty
Package: multirow 2021/03/15 v2.8 Span multiple rows of a table
\multirow@colwidth=\skip52
\multirow@cntb=\count287
\multirow@dima=\skip53
\bigstrutjot=\dimen151
)
(/usr/share/texlive/texmf-dist/tex/latex/sttools/cuted.sty
Package: cuted 2021/10/04 v2.0 Mixing onecolumn and twocolumn modes
\At@ViperColsBreak=\toks18
\preCutedStrip=\toks19
\postCutedStrip=\toks20
\cuted@@tempbox@a=\box96
\cuted@@tempbox@c=\box97
\cuted@@tempbox@var=\box98
\hold@viper=\box99
\@viper=\box100
\cuted@@varbox@a=\box101
\cuted@@varbox@c=\box102
\cuted@@tempdim@spread=\dimen152
\cuted@@tempdim@a=\dimen153
\cuted@@tempdim@b=\dimen154
\ht@hold@viper=\dimen155
\ht@viper=\dimen156
\var@@pagediscards@ht=\dimen157
\stripsep=\skip54
\viper@penalty=\count288
)
(/usr/share/texlive/texmf-dist/tex/generic/iftex/ifpdf.sty
Package: ifpdf 2019/10/25 v3.4 ifpdf legacy package. Use iftex instead.

(/usr/share/texlive/texmf-dist/tex/generic/iftex/iftex.sty
Package: iftex 2022/02/03 v1.0f TeX engine tests
))
(/usr/share/texlive/texmf-dist/tex/latex/url/url.sty
\Urlmuskip=\muskip16
Package: url 2013/09/16  ver 3.4  Verb mode for urls, etc.
)
(/usr/share/texlive/texmf-dist/tex/latex/changepage/changepage.sty
Package: changepage 2009/10/20 v1.0c check page and change page layout
\c@cp@cntr=\count289
\cp@tempcnt=\count290
)
(/usr/share/texlive/texmf-dist/tex/latex/tools/calc.sty
Package: calc 2017/05/25 v4.3 Infix arithmetic (KKT,FJ)
\calc@Acount=\count291
\calc@Bcount=\count292
\calc@Adimen=\dimen158
\calc@Bdimen=\dimen159
\calc@Askip=\skip55
\calc@Bskip=\skip56
LaTeX Info: Redefining \setlength on input line 80.
LaTeX Info: Redefining \addtolength on input line 81.
\calc@Ccount=\count293
\calc@Cskip=\skip57
)
(/usr/share/texlive/texmf-dist/tex/latex/xcolor/xcolor.sty
Package: xcolor 2022/06/12 v2.14 LaTeX color extensions (UK)

(/usr/share/texlive/texmf-dist/tex/latex/graphics-cfg/color.cfg
File: color.cfg 2016/01/02 v1.6 sample color configuration
)
Package xcolor Info: Driver file: luatex.def on input line 227.

(/usr/share/texlive/texmf-dist/tex/latex/graphics/mathcolor.ltx)
Package xcolor Info: Model `cmy' substituted by `cmy0' on input line 1353.
Package xcolor Info: Model `hsb' substituted by `rgb' on input line 1357.
Package xcolor Info: Model `RGB' extended on input line 1369.
Package xcolor Info: Model `HTML' substituted by `rgb' on input line 1371.
Package xcolor Info: Model `Hsb' substituted by `hsb' on input line 1372.
Package xcolor Info: Model `tHsb' substituted by `hsb' on input line 1373.
Package xcolor Info: Model `HSB' substituted by `hsb' on input line 1374.
Package xcolor Info: Model `Gray' substituted by `gray' on input line 1375.
Package xcolor Info: Model `wave' substituted by `hsb' on input line 1376.
)
(/usr/share/texlive/texmf-dist/tex/latex/float/float.sty
Package: float 2001/11/08 v1.3d Float enhancements (AL)
\c@float@type=\count294
\float@exts=\toks21
\float@box=\box103
\@float@everytoks=\toks22
\@floatcapt=\box104
)
(/usr/share/texlive/texmf-dist/tex/latex/sttools/floatpag.sty
Package: floatpag 2021/10/04 v2.0 Different pagestyles on float pages
)
(/usr/share/texlive/texmf-dist/tex/latex/dblfloatfix/dblfloatfix.sty
Package: dblfloatfix 2012/12/31 v1.0a (JAW)

(/usr/share/texlive/texmf-dist/tex/latex/base/fixltx2e.sty
Package: fixltx2e 2016/12/29 v2.1a fixes to LaTeX (obsolete)
Applying: [2015/01/01] Old fixltx2e package on input line 46.


Package fixltx2e Warning: fixltx2e is not required with releases after 2015
(fixltx2e)                All fixes are now in the LaTeX kernel.
(fixltx2e)                See the latexrelease package for details.

Already applied: [0000/00/00] Old fixltx2e package on input line 53.
)
\@dblbotnum=\count295
\c@dblbotnumber=\count296
) (/usr/share/texlive/texmf-dist/tex/latex/graphics/rotating.sty
Package: rotating 2016/08/11 v2.16d rotated objects in LaTeX

(/usr/share/texlive/texmf-dist/tex/latex/base/ifthen.sty
Package: ifthen 2022/04/13 v1.1d Standard LaTeX ifthen package (DPC)
)
\c@r@tfl@t=\count297
\rotFPtop=\skip58
\rotFPbot=\skip59
\rot@float@box=\box105
\rot@mess@toks=\toks23
)
(/usr/share/texlive/texmf-dist/tex/generic/ulem/ulem.sty
\UL@box=\box106
\UL@hyphenbox=\box107
\UL@skip=\skip60
\UL@hook=\toks24
\UL@height=\dimen160
\UL@pe=\count298
\UL@pixel=\dimen161
\ULC@box=\box108
Package: ulem 2019/11/18
\ULdepth=\dimen162
)
(/usr/share/texlive/texmf-dist/tex/latex/tools/enumerate.sty
Package: enumerate 2015/07/23 v3.00 enumerate extensions (DPC)
\@enLab=\toks25
)
(/usr/share/texlive/texmf-dist/tex/generic/soul/soul.sty
Package: soul 2003/11/17 v2.4 letterspacing/underlining (mf)
\SOUL@word=\toks26
\SOUL@lasttoken=\toks27
\SOUL@cmds=\toks28
\SOUL@buffer=\toks29
\SOUL@token=\toks30
\SOUL@spaceskip=\skip61
\SOUL@ttwidth=\dimen163
\SOUL@uldp=\dimen164
\SOUL@ulht=\dimen165
)
(/usr/share/texlive/texmf-dist/tex/latex/caption/caption.sty
Package: caption 2022/03/01 v3.6b Customizing captions (AR)

(/usr/share/texlive/texmf-dist/tex/latex/caption/caption3.sty
Package: caption3 2022/03/17 v2.3b caption3 kernel (AR)
\caption@tempdima=\dimen166
\captionmargin=\dimen167
\caption@leftmargin=\dimen168
\caption@rightmargin=\dimen169
\caption@width=\dimen170
\caption@indent=\dimen171
Normal \dimen register pool exhausted, switching to extended pool.
\caption@parindent=\dimen256
\caption@hangindent=\dimen257
Package caption Info: Standard document class detected.
)
\c@caption@flags=\count299
\c@continuedfloat=\count300
Package caption Info: changepage package is loaded.
\caption@adjustwidth@hsize=\dimen258
\caption@adjustwidth@linewidth=\dimen259
Package caption Info: float package is loaded.
Package caption Info: rotating package is loaded.
)
(/usr/share/texlive/texmf-dist/tex/generic/babel/babel.sty
Package: babel 2022/12/26 3.84 The Babel package

(/usr/share/texlive/texmf-dist/tex/generic/babel/luababel.def
\bbl@readstream=\read2
\l@dumylang=\language2
Package babel Info: Non-standard hyphenation setup on input line 118.
\l@nohyphenation=\language3
\l@polish=\language4
\l@ukrainian=\language5
\l@russian=\language6
\l@german=\language7
\l@ngerman=\language8
\l@swissgerman=\language9
\l@german-x-2022-03-16=\language10
\l@ngerman-x-2022-03-16=\language11
\l@afrikaans=\language12
\l@ibycus=\language13
\l@arabic=\language14
\l@armenian=\language15
\l@basque=\language16
\l@belarusian=\language17
\l@bulgarian=\language18
\l@catalan=\language19
\l@pinyin=\language20
\l@churchslavonic=\language21
\l@coptic=\language22
\l@croatian=\language23
\l@czech=\language24
\l@danish=\language25
\l@dutch=\language26
\l@ukenglish=\language27
\l@usenglishmax=\language28
\l@esperanto=\language29
\l@estonian=\language30
\l@ethiopic=\language31
\l@farsi=\language32
\l@finnish=\language33
\l@schoolfinnish=\language34
\l@french=\language35
\l@friulan=\language36
\l@galician=\language37
\l@georgian=\language38
\l@greek=\language39
\l@hungarian=\language40
\l@icelandic=\language41
\l@assamese=\language42
\l@bengali=\language43
\l@gujarati=\language44
\l@hindi=\language45
\l@kannada=\language46
\l@malayalam=\language47
\l@marathi=\language48
\l@oriya=\language49
\l@odia=\language50
\l@panjabi=\language51
\l@tamil=\language52
\l@telugu=\language53
\l@indonesian=\language54
\l@interlingua=\language55
\l@irish=\language56
\l@italian=\language57
\l@kurmanji=\language58
\l@latin=\language59
\l@classiclatin=\language60
\l@classiclatin=\language61
\l@latvian=\language62
\l@lithuanian=\language63
\l@macedonian=\language64
\l@mongolian=\language65
\l@mongolianlmc=\language66
\l@bokmal=\language67
\l@nynorsk=\language68
\l@occitan=\language69
\l@piedmontese=\language70
\l@portuguese=\language71
\l@romanian=\language72
\l@romansh=\language73
\l@sanskrit=\language74
\l@serbian=\language75
\l@serbianc=\language76
\l@slovak=\language77
\l@slovenian=\language78
\l@spanish=\language79
\l@swedish=\language80
\l@thai=\language81
\l@turkish=\language82
\l@turkmen=\language83
\l@uppersorbian=\language84
\l@welsh=\language85
\babelcatcodetablenum=\catcodetable12
\bbl@pattcodes=\catcodetable13
)
\babel@savecnt=\count301
\U@D=\dimen260
\l@unhyphenated=\language86

(/usr/share/texlive/texmf-dist/tex/generic/babel/luababel.def
\bbl@attr@locale=\attribute4
)
(/usr/share/texlive/texmf-dist/tex/generic/babel-english/english.ldf
Language: english 2017/06/06 v3.3r English support from the babel system
Package babel Info: Hyphen rules for 'canadian' set to \l@english
(babel)             (\language0). Reported on input line 102.
Package babel Info: Hyphen rules for 'australian' set to \l@ukenglish
(babel)             (\language27). Reported on input line 105.
Package babel Info: Hyphen rules for 'newzealand' set to \l@ukenglish
(babel)             (\language27). Reported on input line 108.
))
(/usr/share/texlive/texmf-dist/tex/generic/babel/locale/en/babel-english.tex
Package babel Info: Importing font and identification data for english
(babel)             from babel-en.ini. Reported on input line 11.
)
(/usr/share/texlive/texmf-dist/tex/latex/hyperref/hyperref.sty
Package: hyperref 2022-11-13 v7.00u Hypertext links for LaTeX

(/usr/share/texlive/texmf-dist/tex/generic/ltxcmds/ltxcmds.sty
Package: ltxcmds 2020-05-10 v1.25 LaTeX kernel commands for general use (HO)
)
(/usr/share/texlive/texmf-dist/tex/generic/pdftexcmds/pdftexcmds.sty
Package: pdftexcmds 2020-06-27 v0.33 Utility functions of pdfTeX for LuaTeX (HO
)

(/usr/share/texlive/texmf-dist/tex/generic/infwarerr/infwarerr.sty
Package: infwarerr 2019/12/03 v1.5 Providing info/warning/error messages (HO)
)
Package pdftexcmds Info: \pdf@primitive is available.
Package pdftexcmds Info: \pdf@ifprimitive is available.
Package pdftexcmds Info: \pdfdraftmode found.
\pdftexcmds@toks=\toks31
)
(/usr/share/texlive/texmf-dist/tex/latex/kvsetkeys/kvsetkeys.sty
Package: kvsetkeys 2022-10-05 v1.19 Key value parser (HO)
)
(/usr/share/texlive/texmf-dist/tex/generic/kvdefinekeys/kvdefinekeys.sty
Package: kvdefinekeys 2019-12-19 v1.6 Define keys (HO)
)
(/usr/share/texlive/texmf-dist/tex/generic/pdfescape/pdfescape.sty
Package: pdfescape 2019/12/09 v1.15 Implements pdfTeX's escape features (HO)
)
(/usr/share/texlive/texmf-dist/tex/latex/hycolor/hycolor.sty
Package: hycolor 2020-01-27 v1.10 Color options for hyperref/bookmark (HO)
)
(/usr/share/texlive/texmf-dist/tex/latex/letltxmacro/letltxmacro.sty
Package: letltxmacro 2019/12/03 v1.6 Let assignment for LaTeX macros (HO)
)
(/usr/share/texlive/texmf-dist/tex/latex/auxhook/auxhook.sty
Package: auxhook 2019-12-17 v1.6 Hooks for auxiliary files (HO)
)
(/usr/share/texlive/texmf-dist/tex/latex/hyperref/nameref.sty
Package: nameref 2022-05-17 v2.50 Cross-referencing by name of section

(/usr/share/texlive/texmf-dist/tex/latex/refcount/refcount.sty
Package: refcount 2019/12/15 v3.6 Data extraction from label references (HO)
)
(/usr/share/texlive/texmf-dist/tex/generic/gettitlestring/gettitlestring.sty
Package: gettitlestring 2019/12/15 v1.6 Cleanup title references (HO)

(/usr/share/texlive/texmf-dist/tex/latex/kvoptions/kvoptions.sty
Package: kvoptions 2022-06-15 v3.15 Key value format for package options (HO)
))
\c@section@level=\count302
)
\@linkdim=\dimen261
\Hy@linkcounter=\count303
\Hy@pagecounter=\count304

(/usr/share/texlive/texmf-dist/tex/latex/hyperref/pd1enc.def
File: pd1enc.def 2022-11-13 v7.00u Hyperref: PDFDocEncoding definition (HO)
)
(/usr/share/texlive/texmf-dist/tex/generic/intcalc/intcalc.sty
Package: intcalc 2019/12/15 v1.3 Expandable calculations with integers (HO)
)
(/usr/share/texlive/texmf-dist/tex/generic/etexcmds/etexcmds.sty
Package: etexcmds 2019/12/15 v1.7 Avoid name clashes with e-TeX commands (HO)
)
\Hy@SavedSpaceFactor=\count305

(/usr/share/texlive/texmf-dist/tex/latex/hyperref/puenc.def
File: puenc.def 2022-11-13 v7.00u Hyperref: PDF Unicode definition (HO)
)
Package hyperref Info: Hyper figures OFF on input line 4162.
Package hyperref Info: Link nesting OFF on input line 4167.
Package hyperref Info: Hyper index ON on input line 4170.
Package hyperref Info: Plain pages OFF on input line 4177.
Package hyperref Info: Backreferencing OFF on input line 4182.
Package hyperref Info: Implicit mode ON; LaTeX internals redefined.
Package hyperref Info: Bookmarks ON on input line 4410.
\c@Hy@tempcnt=\count306
LaTeX Info: Redefining \url on input line 4748.
\XeTeXLinkMargin=\dimen262

(/usr/share/texlive/texmf-dist/tex/generic/bitset/bitset.sty
Package: bitset 2019/12/09 v1.3 Handle bit-vector datatype (HO)

(/usr/share/texlive/texmf-dist/tex/generic/bigintcalc/bigintcalc.sty
Package: bigintcalc 2019/12/15 v1.5 Expandable calculations on big integers (HO
)
))
\Fld@menulength=\count307
\Field@Width=\dimen263
\Fld@charsize=\dimen264
Package hyperref Info: Hyper figures OFF on input line 6027.
Package hyperref Info: Link nesting OFF on input line 6032.
Package hyperref Info: Hyper index ON on input line 6035.
Package hyperref Info: backreferencing OFF on input line 6042.
Package hyperref Info: Link coloring OFF on input line 6047.
Package hyperref Info: Link coloring with OCG OFF on input line 6052.
Package hyperref Info: PDF/A mode OFF on input line 6057.

(/usr/share/texlive/texmf-dist/tex/latex/base/atbegshi-ltx.sty
Package: atbegshi-ltx 2021/01/10 v1.0c Emulation of the original atbegshi
package with kernel methods
)
\Hy@abspage=\count308
\c@Item=\count309
\c@Hfootnote=\count310
)
Package hyperref Info: Driver (autodetected): hluatex.

(/usr/share/texlive/texmf-dist/tex/latex/hyperref/hluatex.def
File: hluatex.def 2022-11-13 v7.00u Hyperref driver for luaTeX

(/usr/share/texlive/texmf-dist/tex/generic/stringenc/stringenc.sty
Package: stringenc 2019/11/29 v1.12 Convert strings between diff. encodings (HO
)
)
(/usr/share/texlive/texmf-dist/tex/latex/base/atveryend-ltx.sty
Package: atveryend-ltx 2020/08/19 v1.0a Emulation of the original atveryend pac
kage
with kernel methods
)
\Fld@listcount=\count311
\c@bookmark@seq@number=\count312

(/usr/share/texlive/texmf-dist/tex/latex/rerunfilecheck/rerunfilecheck.sty
Package: rerunfilecheck 2022-07-10 v1.10 Rerun checks for auxiliary files (HO)

(/usr/share/texlive/texmf-dist/tex/generic/uniquecounter/uniquecounter.sty
Package: uniquecounter 2019/12/15 v1.4 Provide unlimited unique counter (HO)
)
Package uniquecounter Info: New unique counter `rerunfilecheck' on input line 2
85.
)
\Hy@SectionHShift=\skip62
)
Package hyperref Info: Option `bookmarksopen' set `true' on input line 279.

(/usr/share/texlive/texmf-dist/tex/latex/bookmark/bookmark.sty
Package: bookmark 2020-11-06 v1.29 PDF bookmarks (HO)

(/usr/share/texlive/texmf-dist/tex/latex/bookmark/bkm-pdftex.def
File: bkm-pdftex.def 2020-11-06 v1.29 bookmark driver for pdfTeX (HO)
\BKM@id=\count313
))
(/usr/share/texlive/texmf-dist/tex/latex/oberdiek/twoopt.sty
Package: twoopt 2016/05/16 v1.6 Definitions with two optional arguments (HO)
)
(/usr/share/texlive/texmf-dist/tex/latex/footmisc/footmisc.sty
Package: footmisc 2022/03/08 v6.0d a miscellany of footnote facilities
\FN@temptoken=\toks32
\footnotemargin=\dimen265
\@outputbox@depth=\dimen266
Package footmisc Info: Declaring symbol style bringhurst on input line 695.
Package footmisc Info: Declaring symbol style chicago on input line 703.
Package footmisc Info: Declaring symbol style wiley on input line 712.
Package footmisc Info: Declaring symbol style lamport-robust on input line 723.

Package footmisc Info: Declaring symbol style lamport* on input line 743.
Package footmisc Info: Declaring symbol style lamport*-robust on input line 764
.
)
(/usr/share/texlive/texmf-dist/tex/latex/tools/tabularx.sty
Package: tabularx 2020/01/15 v2.11c `tabularx' package (DPC)

(/usr/share/texlive/texmf-dist/tex/latex/tools/array.sty
Package: array 2022/09/04 v2.5g Tabular extension package (FMi)
\col@sep=\dimen267
\ar@mcellbox=\box109
\extrarowheight=\dimen268
\NC@list=\toks33
\extratabsurround=\skip63
\backup@length=\skip64
\ar@cellbox=\box110
)
\TX@col@width=\dimen269
\TX@old@table=\dimen270
\TX@old@col=\dimen271
\TX@target=\dimen272
\TX@delta=\dimen273
\TX@cols=\count314
\TX@ftn=\toks34
)
\tfboxrule=\dimen274
\bfboxrule=\dimen275
\BXRuleThickness=\dimen276
\BXleftrightskipdimen=\dimen277
\BXhsize=\dimen278
\FreePageSpace=\dimen279
\ovsize=\dimen280
\adjustskip=\skip65
\BXbox=\box111
\xxptspaceamount=\skip66
\BXboxoutbnewskip=\skip67
\BXdim=\dimen281
\BXgraybox=\box112

(/usr/share/texlive/texmf-dist/tex/latex/varwidth/varwidth.sty
Package: varwidth 2009/03/30 ver 0.92;  Variable-width minipages
\@vwid@box=\box113
\sift@deathcycles=\count315
\@vwid@loff=\dimen282
\@vwid@roff=\dimen283
)
(/usr/share/texlive/texmf-dist/tex/latex/tools/dcolumn.sty
Package: dcolumn 2014/10/28 v1.06 decimal alignment package (DPC)
)
(/usr/share/texlive/texmf-dist/tex/latex/stix/stix.sty
Package: stix 2018/04/17 v1.1.3-latex STIX fonts support package
LaTeX Font Info:    Redeclaring symbol font `letters' on input line 76.
LaTeX Font Info:    Encoding `OML' has changed to `LS1' for symbol font
(Font)              `letters' in the math version `normal' on input line 76.
LaTeX Font Info:    Overwriting symbol font `letters' in version `normal'
(Font)                  OML/cmm/m/it --> LS1/stix/m/it on input line 76.
LaTeX Font Info:    Encoding `OML' has changed to `LS1' for symbol font
(Font)              `letters' in the math version `bold' on input line 76.
LaTeX Font Info:    Overwriting symbol font `letters' in version `bold'
(Font)                  OML/cmm/b/it --> LS1/stix/m/it on input line 76.
LaTeX Font Info:    Redeclaring symbol font `operators' on input line 77.
LaTeX Font Info:    Encoding `OT1' has changed to `LS1' for symbol font
(Font)              `operators' in the math version `normal' on input line 77.
LaTeX Font Info:    Overwriting symbol font `operators' in version `normal'
(Font)                  OT1/cmr/m/n --> LS1/stix/m/n on input line 77.
LaTeX Font Info:    Encoding `OT1' has changed to `LS1' for symbol font
(Font)              `operators' in the math version `bold' on input line 77.
LaTeX Font Info:    Overwriting symbol font `operators' in version `bold'
(Font)                  OT1/cmr/bx/n --> LS1/stix/m/n on input line 77.
\symbold-operators=\mathgroup4
LaTeX Font Info:    Redeclaring symbol font `symbols' on input line 79.
LaTeX Font Info:    Encoding `OMS' has changed to `LS1' for symbol font
(Font)              `symbols' in the math version `normal' on input line 79.
LaTeX Font Info:    Overwriting symbol font `symbols' in version `normal'
(Font)                  OMS/cmsy/m/n --> LS1/stixscr/m/n on input line 79.
LaTeX Font Info:    Encoding `OMS' has changed to `LS1' for symbol font
(Font)              `symbols' in the math version `bold' on input line 79.
LaTeX Font Info:    Overwriting symbol font `symbols' in version `bold'
(Font)                  OMS/cmsy/b/n --> LS1/stixscr/m/n on input line 79.
\symsymbols2=\mathgroup5
\symsymbols3=\mathgroup6
\symsymbols4=\mathgroup7
\symintegrals=\mathgroup8
LaTeX Font Info:    Redeclaring symbol font `largesymbols' on input line 84.
LaTeX Font Info:    Encoding `OMX' has changed to `LS2' for symbol font
(Font)              `largesymbols' in the math version `normal' on input line 8
4.
LaTeX Font Info:    Overwriting symbol font `largesymbols' in version `normal'
(Font)                  OMX/cmex/m/n --> LS2/stixex/m/n on input line 84.
LaTeX Font Info:    Encoding `OMX' has changed to `LS2' for symbol font
(Font)              `largesymbols' in the math version `bold' on input line 84.

LaTeX Font Info:    Overwriting symbol font `largesymbols' in version `bold'
(Font)                  OMX/cmex/m/n --> LS2/stixex/m/n on input line 84.
\symarrows1=\mathgroup9
\symarrows2=\mathgroup10
\symarrows3=\mathgroup11
LaTeX Font Info:    Overwriting symbol font `letters' in version `bold'
(Font)                  LS1/stix/m/it --> LS1/stix/b/it on input line 88.
LaTeX Font Info:    Overwriting symbol font `operators' in version `bold'
(Font)                  LS1/stix/m/n --> LS1/stix/b/n on input line 89.
LaTeX Font Info:    Overwriting symbol font `symbols' in version `bold'
(Font)                  LS1/stixscr/m/n --> LS1/stixscr/b/n on input line 90.
LaTeX Font Info:    Overwriting symbol font `symbols2' in version `bold'
(Font)                  LS1/stixfrak/m/n --> LS1/stixfrak/b/n on input line 91.

LaTeX Font Info:    Overwriting symbol font `symbols3' in version `bold'
(Font)                  LS1/stixbb/m/n --> LS1/stixbb/b/n on input line 92.
LaTeX Font Info:    Overwriting symbol font `symbols4' in version `bold'
(Font)                  LS1/stixbb/m/it --> LS1/stixbb/b/it on input line 93.
LaTeX Font Info:    Overwriting symbol font `integrals' in version `bold'
(Font)                  LS2/stixcal/m/n --> LS2/stixcal/b/n on input line 94.
LaTeX Font Info:    Overwriting symbol font `largesymbols' in version `bold'
(Font)                  LS2/stixex/m/n --> LS2/stixex/b/n on input line 95.
LaTeX Font Info:    Overwriting symbol font `arrows1' in version `bold'
(Font)                  LS1/stixsf/m/n --> LS1/stixsf/b/n on input line 96.
LaTeX Font Info:    Overwriting symbol font `arrows2' in version `bold'
(Font)                  LS1/stixsf/m/it --> LS1/stixsf/b/it on input line 97.
LaTeX Font Info:    Overwriting symbol font `arrows3' in version `bold'
(Font)                  LS2/stixtt/m/n --> LS2/stixtt/b/n on input line 98.
LaTeX Font Info:    Redeclaring math alphabet \mathit on input line 99.
LaTeX Font Info:    Redeclaring math alphabet \mathsf on input line 106.
LaTeX Font Info:    Redeclaring math alphabet \mathtt on input line 108.
LaTeX Font Info:    Redeclaring math alphabet \mathbf on input line 109.
LaTeX Font Info:    Redeclaring math symbol \hbar on input line 227.
LaTeX Font Info:    Redeclaring math accent \grave on input line 698.
LaTeX Font Info:    Redeclaring math accent \acute on input line 699.
LaTeX Font Info:    Redeclaring math accent \hat on input line 700.
LaTeX Font Info:    Redeclaring math accent \tilde on input line 701.
LaTeX Font Info:    Redeclaring math accent \bar on input line 702.
LaTeX Font Info:    Redeclaring math accent \breve on input line 703.
LaTeX Font Info:    Redeclaring math accent \dot on input line 704.
LaTeX Font Info:    Redeclaring math accent \ddot on input line 705.
LaTeX Font Info:    Redeclaring math accent \mathring on input line 707.
LaTeX Font Info:    Redeclaring math accent \check on input line 708.
LaTeX Font Info:    Redeclaring math accent \vec on input line 716.
LaTeX Font Info:    Redeclaring math accent \widehat on input line 728.
LaTeX Font Info:    Redeclaring math accent \widetilde on input line 729.
LaTeX Info: Redefining \vdots on input line 1518.
LaTeX Info: Redefining \cdots on input line 1522.
LaTeX Font Info:    Redeclaring math symbol \mathsterling on input line 1978.
LaTeX Info: Redefining \not on input line 2144.
)
(/usr/share/texlive/texmf-dist/tex/latex/base/fontenc.sty
Package: fontenc 2021/04/29 v2.0v Standard LaTeX package
LaTeX Font Info:    Trying to load font information for T1+stix on input line 1
12.

(/usr/share/texlive/texmf-dist/tex/latex/stix/t1stix.fd
File: t1stix.fd 2015/04/17 v1.1.2-latex STIX T1 font definitions
))
\trimwidth=\skip68
\trimheight=\skip69
\typewidth=\skip70
\typeheight=\skip71
\normaltextheight=\skip72
\blindfoliodrop=\skip73
\figheight=\skip74
\figwidth=\skip75
\tabledim=\skip76
\columnhsizevalue=\dimen284
\abs@coli@hsize=\skip77
\abs@colii@hsize=\skip78

(/usr/share/texlive/texmf-dist/tex/latex/geometry/geometry.sty
Package: geometry 2020/01/02 v5.9 Page Geometry

(/usr/share/texlive/texmf-dist/tex/generic/iftex/ifvtex.sty
Package: ifvtex 2019/10/25 v1.7 ifvtex legacy package. Use iftex instead.
)
\Gm@cnth=\count316
\Gm@cntv=\count317
\c@Gm@tempcnt=\count318
\Gm@bindingoffset=\dimen285
\Gm@wd@mp=\dimen286
\Gm@odd@mp=\dimen287
\Gm@even@mp=\dimen288
\Gm@layoutwidth=\dimen289
\Gm@layoutheight=\dimen290
\Gm@layouthoffset=\dimen291
\Gm@layoutvoffset=\dimen292
\Gm@dimlist=\toks35
)
\parindentvalue=\dimen293
\pageheight=\dimen294
\rulecount=\count319
\leftcolrulepos=\dimen295
\rightcolrulepos=\dimen296

(/usr/share/texlive/texmf-dist/tex/latex/eso-pic/showframe.sty
Package: showframe 2020/10/14 v0.1j showframe (new impl., RN)

(/usr/share/texlive/texmf-dist/tex/latex/eso-pic/eso-pic.sty
Package: eso-pic 2020/10/14 v3.0a eso-pic (RN)
\ESO@tempdima=\dimen297
\ESO@tempdimb=\dimen298
)
\SF@tempdima=\dimen299
)
\artopleftskipdim=\dimen300
\@xmlpage=\write3
\c@spagecounter=\count320
\c@lpagecounter=\count321
LaTeX Info: Redefining \rm on input line 1301.
LaTeX Info: Redefining \sf on input line 1302.
LaTeX Info: Redefining \tt on input line 1303.
LaTeX Info: Redefining \bf on input line 1304.
LaTeX Info: Redefining \it on input line 1305.
LaTeX Info: Redefining \sl on input line 1306.
LaTeX Info: Redefining \sc on input line 1307.
LaTeX Info: Redefining \cal on input line 1308.
LaTeX Info: Redefining \mit on input line 1309.
\aucount=\count322
\corrauthcount=\count323
\authfncnt=\count324
\authfnTmpCnt=\count325
\aufootnotemark=\box114
\authmarkbox=\box115
\c@affn=\count326
\addcount=\count327
\emailcount=\count328
\punctcount=\count329
\foot@titlepage@raise@skip=\skip79
\lastauthorcnt=\count330
\fundinginfocount=\count331
\commafundinginfocount=\count332
\fundinginfotempcount=\count333
\tempfundinginfocount=\count334
\JELinfocount=\count335
\commaJELinfocount=\count336
\JELinfotempcount=\count337
\tempJELinfocount=\count338
\htftbox=\box116
\ovsize=\dimen301
\oovsize=\dimen302
\FreePageSpace=\dimen303
\FreePageSpaceTest=\dimen304
\fadjskip=\skip80
\adjustskip=\skip81
\titleskip=\skip82
\abs@boxa=\box117
\abs@boxb=\box118
\abs@boxc=\box119
\abs@dima=\dimen305
\abs@dimb=\dimen306
\abs@dimc=\dimen307
\adjtitleskip=\skip83
\c@chapter=\count339
\secruleskip=\skip84
\rhverticalsep=\skip85
 (./NJDnatbib.sty
Package: NJDnatbib 2010/09/13 8.31b (PWD, AO)
\bibhang=\skip86
\bibsep=\skip87
LaTeX Info: Redefining \cite on input line 700.
\c@NAT@ctr=\count340
)
\c@scheme=\count341
 (/usr/share/texlive/texmf-dist/tex/latex/booktabs/booktabs.sty
Package: booktabs 2020/01/12 v1.61803398 Publication quality tables
\heavyrulewidth=\dimen308
\lightrulewidth=\dimen309
\cmidrulewidth=\dimen310
\belowrulesep=\dimen311
\belowbottomsep=\dimen312
\aboverulesep=\dimen313
\abovetopsep=\dimen314
\cmidrulesep=\dimen315
\cmidrulekern=\dimen316
\defaultaddspace=\dimen317
\@cmidla=\count342
\@cmidlb=\count343
\@aboverulesep=\dimen318
\@belowrulesep=\dimen319
\@thisruleclass=\count344
\@lastruleclass=\count345
\@thisrulewidth=\dimen320
)
(/usr/share/texlive/texmf-dist/tex/latex/amsmath/amsmath.sty
Package: amsmath 2022/04/08 v2.17n AMS math features
\@mathmargin=\skip88

For additional information on amsmath, use the `?' option.
(/usr/share/texlive/texmf-dist/tex/latex/amsmath/amstext.sty
Package: amstext 2021/08/26 v2.01 AMS text

(/usr/share/texlive/texmf-dist/tex/latex/amsmath/amsgen.sty
File: amsgen.sty 1999/11/30 v2.0 generic functions
\@emptytoks=\toks36
\ex@=\dimen321
))
(/usr/share/texlive/texmf-dist/tex/latex/amsmath/amsbsy.sty
Package: amsbsy 1999/11/29 v1.2d Bold Symbols
\pmbraise@=\dimen322
)
(/usr/share/texlive/texmf-dist/tex/latex/amsmath/amsopn.sty
Package: amsopn 2022/04/08 v2.04 operator names
)
\inf@bad=\count346
LaTeX Info: Redefining \frac on input line 236.
\uproot@=\count347
\leftroot@=\count348
LaTeX Info: Redefining \overline on input line 399.
LaTeX Info: Redefining \colon on input line 410.
\classnum@=\count349
\DOTSCASE@=\count350
LaTeX Info: Redefining \ldots on input line 496.
LaTeX Info: Redefining \dots on input line 499.
\Mathstrutbox@=\box120
\strutbox@=\box121
LaTeX Info: Redefining \big on input line 722.
LaTeX Info: Redefining \Big on input line 723.
LaTeX Info: Redefining \bigg on input line 724.
LaTeX Info: Redefining \Bigg on input line 725.
\big@size=\dimen323
LaTeX Font Info:    Redeclaring font encoding OML on input line 743.
LaTeX Font Info:    Redeclaring font encoding OMS on input line 744.
\macc@depth=\count351
LaTeX Info: Redefining \bmod on input line 905.
LaTeX Info: Redefining \pmod on input line 910.
LaTeX Info: Redefining \smash on input line 940.
\c@MaxMatrixCols=\count352
\dotsspace@=\muskip17
\c@parentequation=\count353
\dspbrk@lvl=\count354
\tag@help=\toks37
\row@=\count355
\column@=\count356
\maxfields@=\count357
\andhelp@=\toks38
\eqnshift@=\dimen324
\alignsep@=\dimen325
\tagshift@=\dimen326
\tagwidth@=\dimen327
\totwidth@=\dimen328
\lineht@=\dimen329
\@envbody=\toks39
\multlinegap=\skip89
\multlinetaggap=\skip90
\mathdisplay@stack=\toks40
LaTeX Info: Redefining \[ on input line 2953.
LaTeX Info: Redefining \] on input line 2954.
)
(/usr/share/texlive/texmf-dist/tex/latex/amscls/amsthm.sty
Package: amsthm 2020/05/29 v2.20.6
\thm@style=\toks41
\thm@bodyfont=\toks42
\thm@headfont=\toks43
\thm@notefont=\toks44
\thm@headpunct=\toks45
\thm@preskip=\skip91
\thm@postskip=\skip92
\thm@headsep=\skip93
\dth@everypar=\toks46
)
\c@theorem=\count358
\c@construction=\count359
\c@estimate=\count360
\c@lemma=\count361
\c@corollary=\count362
\c@result=\count363
\c@algth=\count364
\c@proposition=\count365
\c@hypothesis=\count366
\c@experiment=\count367
\c@LWrule=\count368
\c@procedure=\count369
\c@assertion=\count370
\c@axiom=\count371
\c@conjecture=\count372
\c@criterion=\count373
\c@reduction=\count374
\c@sublemma=\count375
\c@case=\count376
\c@remark=\count377
\c@notation=\count378
\c@answer=\count379
\c@base=\count380
\c@claim=\count381
\c@ccomment=\count382
\c@subproof=\count383
\c@conclusion=\count384
\c@observation=\count385
\c@subcase=\count386
\c@step=\count387
\c@summary=\count388
\c@definition=\count389
\c@condition=\count390
\c@property=\count391
\c@problem=\count392
\c@fact=\count393
\c@assumption=\count394
\c@eexample=\count395
\c@model=\count396
\c@affirmation=\count397
\c@application=\count398
\c@convention=\count399
\c@discussion=\count400
\c@exercise=\count401
\c@question=\count402
\c@scholium=\count403
\c@terminology=\count404
\c@printcitcnt=\count405
\c@@pps=\count406
\c@@ppsavesec=\count407
\c@@ppsaveapp=\count408

(/usr/share/texlive/texmf-dist/tex/latex/algorithms/algorithm.sty
Package: algorithm 2009/08/24 v0.1 Document Style `algorithm' - floating enviro
nment
\@float@every@algorithm=\toks47
\c@algorithm=\count409
)
(/usr/share/texlive/texmf-dist/tex/latex/algorithmicx/algorithmicx.sty
Package: algorithmicx 2005/04/27 v1.2 Algorithmicx

Document Style algorithmicx 1.2 - a greatly improved `algorithmic' style
\c@ALG@line=\count410
\c@ALG@rem=\count411
\c@ALG@nested=\count412
\ALG@tlm=\skip94
\ALG@thistlm=\skip95
\c@ALG@Lnr=\count413
\c@ALG@blocknr=\count414
\c@ALG@storecount=\count415
\c@ALG@tmpcounter=\count416
\ALG@tmplength=\skip96
) (/usr/share/texlive/texmf-dist/tex/latex/algorithmicx/algpseudocode.sty
Package: algpseudocode 

Document Style - pseudocode environments for use with the `algorithmicx' style
) (/usr/share/texlive/texmf-dist/tex/latex/listings/listings.sty
\lst@mode=\count417
\lst@gtempboxa=\box122
\lst@token=\toks48
\lst@length=\count418
\lst@currlwidth=\dimen330
\lst@column=\count419
\lst@pos=\count420
\lst@lostspace=\dimen331
\lst@width=\dimen332
\lst@newlines=\count421
\lst@lineno=\count422
\lst@maxwidth=\dimen333

(/usr/share/texlive/texmf-dist/tex/latex/listings/lstmisc.sty
File: lstmisc.sty 2020/03/24 1.8d (Carsten Heinz)
\c@lstnumber=\count423
\lst@skipnumbers=\count424
\lst@framebox=\box123
)
(/usr/share/texlive/texmf-dist/tex/latex/listings/listings.cfg
File: listings.cfg 2020/03/24 1.8d listings configuration
))
Package: listings 2020/03/24 1.8d (Carsten Heinz)

(/usr/share/texlive/texmf-dist/tex/latex/base/alltt.sty
Package: alltt 2021/01/29 v2.0g defines alltt environment
)
\jnlcitationbox=\box124
\jnlcithsize=\dimen334

(/usr/share/texlive/texmf-dist/tex/latex/wrapfig/wrapfig.sty
\wrapoverhang=\dimen335
\WF@size=\dimen336
\c@WF@wrappedlines=\count425
\WF@box=\box125
\WF@everypar=\toks49
Package: wrapfig 2003/01/31  v 3.6
)
\wraplines=\count426
\@authorfigbox=\box126
\@authorfigboxdim=\skip97
\biofigadjskip=\skip98
)
(/usr/share/texlive/texmf-dist/tex/latex/mathtools/mathtools.sty
Package: mathtools 2022/06/29 v1.29 mathematical typesetting tools

(/usr/share/texlive/texmf-dist/tex/latex/mathtools/mhsetup.sty
Package: mhsetup 2021/03/18 v1.4 programming setup (MH)
)
\g_MT_multlinerow_int=\count427
\l_MT_multwidth_dim=\dimen337
\origjot=\skip99
\l_MT_shortvdotswithinadjustabove_dim=\dimen338
\l_MT_shortvdotswithinadjustbelow_dim=\dimen339
\l_MT_above_intertext_sep=\dimen340
\l_MT_below_intertext_sep=\dimen341
\l_MT_above_shortintertext_sep=\dimen342
\l_MT_below_shortintertext_sep=\dimen343
\xmathstrut@box=\box127
\xmathstrut@dim=\dimen344
)
(/usr/share/texlive/texmf-dist/tex/latex/tuda-ci/tuda-pgfplots.sty
Package: tuda-pgfplots 2022/12/11 3.29 tuda-ci pgfplots color schemes

(/usr/share/texlive/texmf-dist/tex/latex/pgfplots/pgfplots.sty
(/usr/share/texlive/texmf-dist/tex/generic/pgfplots/pgfplots.revision.tex)
Package: pgfplots 2021/05/15 v1.18.1 Data Visualization (1.18.1)

(/usr/share/texlive/texmf-dist/tex/latex/pgf/frontendlayer/tikz.sty
(/usr/share/texlive/texmf-dist/tex/latex/pgf/basiclayer/pgf.sty
(/usr/share/texlive/texmf-dist/tex/latex/pgf/utilities/pgfrcs.sty
(/usr/share/texlive/texmf-dist/tex/generic/pgf/utilities/pgfutil-common.tex
\pgfutil@everybye=\toks50
\pgfutil@tempdima=\dimen345
\pgfutil@tempdimb=\dimen346

(/usr/share/texlive/texmf-dist/tex/generic/pgf/utilities/pgfutil-common-lists.t
ex)) (/usr/share/texlive/texmf-dist/tex/generic/pgf/utilities/pgfutil-latex.def
\pgfutil@abb=\box128
) (/usr/share/texlive/texmf-dist/tex/generic/pgf/utilities/pgfrcs.code.tex
(/usr/share/texlive/texmf-dist/tex/generic/pgf/pgf.revision.tex)
Package: pgfrcs 2021/05/15 v3.1.9a (3.1.9a)
))
Package: pgf 2021/05/15 v3.1.9a (3.1.9a)

(/usr/share/texlive/texmf-dist/tex/latex/pgf/basiclayer/pgfcore.sty
(/usr/share/texlive/texmf-dist/tex/latex/pgf/systemlayer/pgfsys.sty
(/usr/share/texlive/texmf-dist/tex/generic/pgf/systemlayer/pgfsys.code.tex
Package: pgfsys 2021/05/15 v3.1.9a (3.1.9a)

(/usr/share/texlive/texmf-dist/tex/generic/pgf/utilities/pgfkeys.code.tex
\pgfkeys@pathtoks=\toks51
\pgfkeys@temptoks=\toks52

(/usr/share/texlive/texmf-dist/tex/generic/pgf/utilities/pgfkeysfiltered.code.t
ex
\pgfkeys@tmptoks=\toks53
))
\pgf@x=\dimen347
\pgf@y=\dimen348
\pgf@xa=\dimen349
\pgf@ya=\dimen350
\pgf@xb=\dimen351
\pgf@yb=\dimen352
\pgf@xc=\dimen353
\pgf@yc=\dimen354
\pgf@xd=\dimen355
\pgf@yd=\dimen356
\w@pgf@writea=\write4
\r@pgf@reada=\read3
\c@pgf@counta=\count428
\c@pgf@countb=\count429
\c@pgf@countc=\count430
\c@pgf@countd=\count431
\t@pgf@toka=\toks54
\t@pgf@tokb=\toks55
\t@pgf@tokc=\toks56
\pgf@sys@id@count=\count432
 (/usr/share/texlive/texmf-dist/tex/generic/pgf/systemlayer/pgf.cfg
File: pgf.cfg 2021/05/15 v3.1.9a (3.1.9a)
)
Driver file for pgf: pgfsys-luatex.def

(/usr/share/texlive/texmf-dist/tex/generic/pgf/systemlayer/pgfsys-luatex.def
File: pgfsys-luatex.def 2021/05/15 v3.1.9a (3.1.9a)

(/usr/share/texlive/texmf-dist/tex/generic/pgf/systemlayer/pgfsys-common-pdf.de
f
File: pgfsys-common-pdf.def 2021/05/15 v3.1.9a (3.1.9a)
)))
(/usr/share/texlive/texmf-dist/tex/generic/pgf/systemlayer/pgfsyssoftpath.code.
tex
File: pgfsyssoftpath.code.tex 2021/05/15 v3.1.9a (3.1.9a)
\pgfsyssoftpath@smallbuffer@items=\count433
\pgfsyssoftpath@bigbuffer@items=\count434
)
(/usr/share/texlive/texmf-dist/tex/generic/pgf/systemlayer/pgfsysprotocol.code.
tex
File: pgfsysprotocol.code.tex 2021/05/15 v3.1.9a (3.1.9a)
))
(/usr/share/texlive/texmf-dist/tex/generic/pgf/basiclayer/pgfcore.code.tex
Package: pgfcore 2021/05/15 v3.1.9a (3.1.9a)

(/usr/share/texlive/texmf-dist/tex/generic/pgf/math/pgfmath.code.tex
(/usr/share/texlive/texmf-dist/tex/generic/pgf/math/pgfmathcalc.code.tex
(/usr/share/texlive/texmf-dist/tex/generic/pgf/math/pgfmathutil.code.tex)
(/usr/share/texlive/texmf-dist/tex/generic/pgf/math/pgfmathparser.code.tex
\pgfmath@dimen=\dimen357
\pgfmath@count=\count435
\pgfmath@box=\box129
\pgfmath@toks=\toks57
\pgfmath@stack@operand=\toks58
\pgfmath@stack@operation=\toks59
)
(/usr/share/texlive/texmf-dist/tex/generic/pgf/math/pgfmathfunctions.code.tex
(/usr/share/texlive/texmf-dist/tex/generic/pgf/math/pgfmathfunctions.basic.code
.tex)
(/usr/share/texlive/texmf-dist/tex/generic/pgf/math/pgfmathfunctions.trigonomet
ric.code.tex)
(/usr/share/texlive/texmf-dist/tex/generic/pgf/math/pgfmathfunctions.random.cod
e.tex)
(/usr/share/texlive/texmf-dist/tex/generic/pgf/math/pgfmathfunctions.comparison
.code.tex)
(/usr/share/texlive/texmf-dist/tex/generic/pgf/math/pgfmathfunctions.base.code.
tex)
(/usr/share/texlive/texmf-dist/tex/generic/pgf/math/pgfmathfunctions.round.code
.tex)
(/usr/share/texlive/texmf-dist/tex/generic/pgf/math/pgfmathfunctions.misc.code.
tex)
(/usr/share/texlive/texmf-dist/tex/generic/pgf/math/pgfmathfunctions.integerari
thmetics.code.tex)))
(/usr/share/texlive/texmf-dist/tex/generic/pgf/math/pgfmathfloat.code.tex
\c@pgfmathroundto@lastzeros=\count436
))
(/usr/share/texlive/texmf-dist/tex/generic/pgf/math/pgfint.code.tex)
(/usr/share/texlive/texmf-dist/tex/generic/pgf/basiclayer/pgfcorepoints.code.te
x
File: pgfcorepoints.code.tex 2021/05/15 v3.1.9a (3.1.9a)
\pgf@picminx=\dimen358
\pgf@picmaxx=\dimen359
\pgf@picminy=\dimen360
\pgf@picmaxy=\dimen361
\pgf@pathminx=\dimen362
\pgf@pathmaxx=\dimen363
\pgf@pathminy=\dimen364
\pgf@pathmaxy=\dimen365
\pgf@xx=\dimen366
\pgf@xy=\dimen367
\pgf@yx=\dimen368
\pgf@yy=\dimen369
\pgf@zx=\dimen370
\pgf@zy=\dimen371
)
(/usr/share/texlive/texmf-dist/tex/generic/pgf/basiclayer/pgfcorepathconstruct.
code.tex
File: pgfcorepathconstruct.code.tex 2021/05/15 v3.1.9a (3.1.9a)
\pgf@path@lastx=\dimen372
\pgf@path@lasty=\dimen373
)
(/usr/share/texlive/texmf-dist/tex/generic/pgf/basiclayer/pgfcorepathusage.code
.tex
File: pgfcorepathusage.code.tex 2021/05/15 v3.1.9a (3.1.9a)
\pgf@shorten@end@additional=\dimen374
\pgf@shorten@start@additional=\dimen375
)
(/usr/share/texlive/texmf-dist/tex/generic/pgf/basiclayer/pgfcorescopes.code.te
x
File: pgfcorescopes.code.tex 2021/05/15 v3.1.9a (3.1.9a)
\pgfpic=\box130
\pgf@hbox=\box131
\pgf@layerbox@main=\box132
\pgf@picture@serial@count=\count437
)
(/usr/share/texlive/texmf-dist/tex/generic/pgf/basiclayer/pgfcoregraphicstate.c
ode.tex
File: pgfcoregraphicstate.code.tex 2021/05/15 v3.1.9a (3.1.9a)
\pgflinewidth=\dimen376
)
(/usr/share/texlive/texmf-dist/tex/generic/pgf/basiclayer/pgfcoretransformation
s.code.tex
File: pgfcoretransformations.code.tex 2021/05/15 v3.1.9a (3.1.9a)
\pgf@pt@x=\dimen377
\pgf@pt@y=\dimen378
\pgf@pt@temp=\dimen379
)
(/usr/share/texlive/texmf-dist/tex/generic/pgf/basiclayer/pgfcorequick.code.tex
File: pgfcorequick.code.tex 2021/05/15 v3.1.9a (3.1.9a)
)
(/usr/share/texlive/texmf-dist/tex/generic/pgf/basiclayer/pgfcoreobjects.code.t
ex
File: pgfcoreobjects.code.tex 2021/05/15 v3.1.9a (3.1.9a)
)
(/usr/share/texlive/texmf-dist/tex/generic/pgf/basiclayer/pgfcorepathprocessing
.code.tex
File: pgfcorepathprocessing.code.tex 2021/05/15 v3.1.9a (3.1.9a)
)
(/usr/share/texlive/texmf-dist/tex/generic/pgf/basiclayer/pgfcorearrows.code.te
x
File: pgfcorearrows.code.tex 2021/05/15 v3.1.9a (3.1.9a)
\pgfarrowsep=\dimen380
)
(/usr/share/texlive/texmf-dist/tex/generic/pgf/basiclayer/pgfcoreshade.code.tex
File: pgfcoreshade.code.tex 2021/05/15 v3.1.9a (3.1.9a)
\pgf@max=\dimen381
\pgf@sys@shading@range@num=\count438
\pgf@shadingcount=\count439
)
(/usr/share/texlive/texmf-dist/tex/generic/pgf/basiclayer/pgfcoreimage.code.tex
File: pgfcoreimage.code.tex 2021/05/15 v3.1.9a (3.1.9a)

(/usr/share/texlive/texmf-dist/tex/generic/pgf/basiclayer/pgfcoreexternal.code.
tex
File: pgfcoreexternal.code.tex 2021/05/15 v3.1.9a (3.1.9a)
\pgfexternal@startupbox=\box133
))
(/usr/share/texlive/texmf-dist/tex/generic/pgf/basiclayer/pgfcorelayers.code.te
x
File: pgfcorelayers.code.tex 2021/05/15 v3.1.9a (3.1.9a)
)
(/usr/share/texlive/texmf-dist/tex/generic/pgf/basiclayer/pgfcoretransparency.c
ode.tex
File: pgfcoretransparency.code.tex 2021/05/15 v3.1.9a (3.1.9a)
)
(/usr/share/texlive/texmf-dist/tex/generic/pgf/basiclayer/pgfcorepatterns.code.
tex
File: pgfcorepatterns.code.tex 2021/05/15 v3.1.9a (3.1.9a)
)
(/usr/share/texlive/texmf-dist/tex/generic/pgf/basiclayer/pgfcorerdf.code.tex
File: pgfcorerdf.code.tex 2021/05/15 v3.1.9a (3.1.9a)
)))
(/usr/share/texlive/texmf-dist/tex/generic/pgf/modules/pgfmoduleshapes.code.tex
File: pgfmoduleshapes.code.tex 2021/05/15 v3.1.9a (3.1.9a)
\pgfnodeparttextbox=\box134
) (/usr/share/texlive/texmf-dist/tex/generic/pgf/modules/pgfmoduleplot.code.tex
File: pgfmoduleplot.code.tex 2021/05/15 v3.1.9a (3.1.9a)
)
(/usr/share/texlive/texmf-dist/tex/latex/pgf/compatibility/pgfcomp-version-0-65
.sty
Package: pgfcomp-version-0-65 2021/05/15 v3.1.9a (3.1.9a)
\pgf@nodesepstart=\dimen382
\pgf@nodesepend=\dimen383
)
(/usr/share/texlive/texmf-dist/tex/latex/pgf/compatibility/pgfcomp-version-1-18
.sty
Package: pgfcomp-version-1-18 2021/05/15 v3.1.9a (3.1.9a)
)) (/usr/share/texlive/texmf-dist/tex/latex/pgf/utilities/pgffor.sty
(/usr/share/texlive/texmf-dist/tex/latex/pgf/utilities/pgfkeys.sty
(/usr/share/texlive/texmf-dist/tex/generic/pgf/utilities/pgfkeys.code.tex))
(/usr/share/texlive/texmf-dist/tex/latex/pgf/math/pgfmath.sty
(/usr/share/texlive/texmf-dist/tex/generic/pgf/math/pgfmath.code.tex))
(/usr/share/texlive/texmf-dist/tex/generic/pgf/utilities/pgffor.code.tex
Package: pgffor 2021/05/15 v3.1.9a (3.1.9a)

(/usr/share/texlive/texmf-dist/tex/generic/pgf/math/pgfmath.code.tex)
\pgffor@iter=\dimen384
\pgffor@skip=\dimen385
\pgffor@stack=\toks60
\pgffor@toks=\toks61
))
(/usr/share/texlive/texmf-dist/tex/generic/pgf/frontendlayer/tikz/tikz.code.tex
Package: tikz 2021/05/15 v3.1.9a (3.1.9a)

(/usr/share/texlive/texmf-dist/tex/generic/pgf/libraries/pgflibraryplothandlers
.code.tex
File: pgflibraryplothandlers.code.tex 2021/05/15 v3.1.9a (3.1.9a)
\pgf@plot@mark@count=\count440
\pgfplotmarksize=\dimen386
)
\tikz@lastx=\dimen387
\tikz@lasty=\dimen388
\tikz@lastxsaved=\dimen389
\tikz@lastysaved=\dimen390
\tikz@lastmovetox=\dimen391
\tikz@lastmovetoy=\dimen392
\tikzleveldistance=\dimen393
\tikzsiblingdistance=\dimen394
\tikz@figbox=\box135
\tikz@figbox@bg=\box136
\tikz@tempbox=\box137
\tikz@tempbox@bg=\box138
\tikztreelevel=\count441
\tikznumberofchildren=\count442
\tikznumberofcurrentchild=\count443
\tikz@fig@count=\count444

(/usr/share/texlive/texmf-dist/tex/generic/pgf/modules/pgfmodulematrix.code.tex
File: pgfmodulematrix.code.tex 2021/05/15 v3.1.9a (3.1.9a)
\pgfmatrixcurrentrow=\count445
\pgfmatrixcurrentcolumn=\count446
\pgf@matrix@numberofcolumns=\count447
)
\tikz@expandcount=\count448

(/usr/share/texlive/texmf-dist/tex/generic/pgf/frontendlayer/tikz/libraries/tik
zlibrarytopaths.code.tex
File: tikzlibrarytopaths.code.tex 2021/05/15 v3.1.9a (3.1.9a)
)))
(/usr/share/texlive/texmf-dist/tex/generic/pgfplots/pgfplots.code.tex
(/usr/share/texlive/texmf-dist/tex/generic/pgfplots/pgfplotscore.code.tex
Package pgfplots info on input line 124: Initializing with LUA version Lua 5.3
\pgfplots@luabackend@table=\catcodetable14
\t@pgfplots@toka=\toks62
\t@pgfplots@tokb=\toks63
\t@pgfplots@tokc=\toks64
\pgfplots@tmpa=\dimen395
\c@pgfplots@coordindex=\count449
\c@pgfplots@scanlineindex=\count450

(/usr/share/texlive/texmf-dist/tex/generic/pgfplots/sys/pgfplotssysgeneric.code
.tex))
(/usr/share/texlive/texmf-dist/tex/generic/pgfplots/libs/pgfplotslibrary.code.t
ex)
(/usr/share/texlive/texmf-dist/tex/generic/pgfplots/oldpgfcompatib/pgfplotsoldp
gfsupp_loader.code.tex
(/usr/share/texlive/texmf-dist/tex/generic/pgf/libraries/pgflibraryfpu.code.tex
)
(/usr/share/texlive/texmf-dist/tex/generic/pgf/libraries/luamath/pgflibraryluam
ath.code.tex)
Package pgfplots info on input line 290: luamath library shipped with pgf 3.1.9
a is up-to-date
)
(/usr/share/texlive/texmf-dist/tex/generic/pgfplots/util/pgfplotsutil.code.tex
Package pgfplots info on input line 82: Found new luatex: initializing lua comm
ands instead of write18 (shell-escape)

(/usr/share/texlive/texmf-dist/tex/generic/pgfplots/liststructure/pgfplotslists
tructure.code.tex)
(/usr/share/texlive/texmf-dist/tex/generic/pgfplots/liststructure/pgfplotslists
tructureext.code.tex)
(/usr/share/texlive/texmf-dist/tex/generic/pgfplots/liststructure/pgfplotsarray
.code.tex
\c@pgfplotsarray@tmp=\count451
)
(/usr/share/texlive/texmf-dist/tex/generic/pgfplots/liststructure/pgfplotsmatri
x.code.tex)
(/usr/share/texlive/texmf-dist/tex/generic/pgfplots/numtable/pgfplotstableshare
d.code.tex
\c@pgfplotstable@counta=\count452
\t@pgfplotstable@a=\toks65
)
(/usr/share/texlive/texmf-dist/tex/generic/pgfplots/liststructure/pgfplotsdeque
.code.tex)
(/usr/share/texlive/texmf-dist/tex/generic/pgfplots/util/pgfplotsbinary.code.te
x
(/usr/share/texlive/texmf-dist/tex/generic/pgfplots/util/pgfplotsbinary.data.co
de.tex))
(/usr/share/texlive/texmf-dist/tex/generic/pgfplots/util/pgfplotsutil.verb.code
.tex)
(/usr/share/texlive/texmf-dist/tex/generic/pgfplots/libs/pgflibrarypgfplots.sur
fshading.code.tex
\c@pgfplotslibrarysurf@no=\count453

(/usr/share/texlive/texmf-dist/tex/generic/pgfplots/sys/pgflibrarypgfplots.surf
shading.pgfsys-luatex.def)))
(/usr/share/texlive/texmf-dist/tex/generic/pgfplots/util/pgfplotscolormap.code.
tex
(/usr/share/texlive/texmf-dist/tex/generic/pgfplots/util/pgfplotscolor.code.tex
))
(/usr/share/texlive/texmf-dist/tex/generic/pgfplots/pgfplotsstackedplots.code.t
ex)
(/usr/share/texlive/texmf-dist/tex/generic/pgfplots/pgfplotsplothandlers.code.t
ex
(/usr/share/texlive/texmf-dist/tex/generic/pgfplots/pgfplotsmeshplothandler.cod
e.tex
(/usr/share/texlive/texmf-dist/tex/generic/pgfplots/pgfplotsmeshplotimage.code.
tex)))
(/usr/share/texlive/texmf-dist/tex/generic/pgfplots/pgfplots.scaling.code.tex)
(/usr/share/texlive/texmf-dist/tex/generic/pgfplots/pgfplotscoordprocessing.cod
e.tex)
(/usr/share/texlive/texmf-dist/tex/generic/pgfplots/pgfplots.errorbars.code.tex
) (/usr/share/texlive/texmf-dist/tex/generic/pgfplots/pgfplots.markers.code.tex
) (/usr/share/texlive/texmf-dist/tex/generic/pgfplots/pgfplotsticks.code.tex)
(/usr/share/texlive/texmf-dist/tex/generic/pgfplots/pgfplots.paths.code.tex)
(/usr/share/texlive/texmf-dist/tex/generic/pgf/frontendlayer/tikz/libraries/tik
zlibrarydecorations.code.tex
(/usr/share/texlive/texmf-dist/tex/generic/pgf/modules/pgfmoduledecorations.cod
e.tex
\pgfdecoratedcompleteddistance=\dimen396
\pgfdecoratedremainingdistance=\dimen397
\pgfdecoratedinputsegmentcompleteddistance=\dimen398
\pgfdecoratedinputsegmentremainingdistance=\dimen399
\pgf@decorate@distancetomove=\dimen400
\pgf@decorate@repeatstate=\count454
\pgfdecorationsegmentamplitude=\dimen401
\pgfdecorationsegmentlength=\dimen402
)
\tikz@lib@dec@box=\box139
)
(/usr/share/texlive/texmf-dist/tex/generic/pgf/frontendlayer/tikz/libraries/tik
zlibrarydecorations.pathmorphing.code.tex
(/usr/share/texlive/texmf-dist/tex/generic/pgf/libraries/decorations/pgflibrary
decorations.pathmorphing.code.tex))
(/usr/share/texlive/texmf-dist/tex/generic/pgf/frontendlayer/tikz/libraries/tik
zlibrarydecorations.pathreplacing.code.tex
(/usr/share/texlive/texmf-dist/tex/generic/pgf/libraries/decorations/pgflibrary
decorations.pathreplacing.code.tex))
(/usr/share/texlive/texmf-dist/tex/generic/pgfplots/libs/tikzlibrarypgfplots.co
ntourlua.code.tex)
\pgfplots@numplots=\count455
\pgfplots@xmin@reg=\dimen403
\pgfplots@xmax@reg=\dimen404
\pgfplots@ymin@reg=\dimen405
\pgfplots@ymax@reg=\dimen406
\pgfplots@zmin@reg=\dimen407
\pgfplots@zmax@reg=\dimen408
)
(/usr/share/texlive/texmf-dist/tex/generic/pgf/frontendlayer/tikz/libraries/tik
zlibraryplotmarks.code.tex
File: tikzlibraryplotmarks.code.tex 2021/05/15 v3.1.9a (3.1.9a)

(/usr/share/texlive/texmf-dist/tex/generic/pgf/libraries/pgflibraryplotmarks.co
de.tex
File: pgflibraryplotmarks.code.tex 2021/05/15 v3.1.9a (3.1.9a)
))) (/usr/share/texlive/texmf-dist/tex/latex/tuda-ci/tudacolors.sty
(/usr/share/texlive/texmf-dist/tex/latex/l3kernel/expl3.sty
Package: expl3 2022-12-17 L3 programming layer (loader) 

(/usr/share/texlive/texmf-dist/tex/latex/l3backend/l3backend-luatex.def
File: l3backend-luatex.def 2022-10-26 L3 backend support: PDF output (LuaTeX)
\l__color_backend_stack_int=\count456
\l__pdf_internal_box=\box140
))
Package: tudacolors 2022/12/11 v3.29 Color definition for TU Darmstadt's tuda-c
i bundle

(/usr/share/texlive/texmf-dist/tex/latex/l3packages/l3keys2e/l3keys2e.sty
Package: l3keys2e 2022-12-17 LaTeX2e option processing using LaTeX3 keys
)
(/usr/share/texlive/texmf-dist/tex/latex/tuda-ci/tudacolors.def
File: tudacolors.def 2022/12/11 3.29 Color definitions for tuda-ci
)))
(/usr/share/texlive/texmf-dist/tex/latex/siunitx/siunitx.sty
Package: siunitx 2022-12-05 v3.1.11 A comprehensive (SI) units package
\l__siunitx_angle_tmp_dim=\dimen409
\l__siunitx_angle_marker_box=\box141
\l__siunitx_angle_unit_box=\box142
\l__siunitx_compound_count_int=\count457

(/usr/share/texlive/texmf-dist/tex/latex/translations/translations.sty
Package: translations 2022/02/05 v1.12 internationalization of LaTeX2e packages
 (CN)

(/usr/share/texlive/texmf-dist/tex/latex/etoolbox/etoolbox.sty
Package: etoolbox 2020/10/05 v2.5k e-TeX tools for LaTeX (JAW)
\etb@tempcnta=\count458
))
\l__siunitx_number_exponent_fixed_int=\count459
\l__siunitx_number_min_decimal_int=\count460
\l__siunitx_number_min_integer_int=\count461
\l__siunitx_number_round_precision_int=\count462
\l__siunitx_number_group_first_int=\count463
\l__siunitx_number_group_size_int=\count464
\l__siunitx_number_group_minimum_int=\count465
\l__siunitx_table_tmp_box=\box143
\l__siunitx_table_tmp_dim=\dimen410
\l__siunitx_table_column_width_dim=\dimen411
\l__siunitx_table_integer_box=\box144
\l__siunitx_table_decimal_box=\box145
\l__siunitx_table_before_box=\box146
\l__siunitx_table_after_box=\box147
\l__siunitx_table_before_dim=\dimen412
\l__siunitx_table_carry_dim=\dimen413
\l__siunitx_unit_tmp_int=\count466
\l__siunitx_unit_position_int=\count467
\l__siunitx_unit_total_int=\count468
)
(/usr/share/texlive/texmf-dist/tex/latex/circuitikz/circuitikz.sty
Package: circuitikz 2022/12/10{} The CircuiTikz circuit drawing package version
 1.6.0

(/usr/share/texlive/texmf-dist/tex/generic/pgf/frontendlayer/tikz/libraries/tik
zlibrarycalc.code.tex
File: tikzlibrarycalc.code.tex 2021/05/15 v3.1.9a (3.1.9a)
)
(/usr/share/texlive/texmf-dist/tex/generic/pgf/libraries/pgflibraryarrows.meta.
code.tex
File: pgflibraryarrows.meta.code.tex 2021/05/15 v3.1.9a (3.1.9a)
\pgfarrowinset=\dimen414
\pgfarrowlength=\dimen415
\pgfarrowwidth=\dimen416
\pgfarrowlinewidth=\dimen417
)
(/usr/share/texlive/texmf-dist/tex/generic/pgf/frontendlayer/tikz/libraries/tik
zlibrarybending.code.tex
File: tikzlibrarybending.code.tex 2021/05/15 v3.1.9a (3.1.9a)

(/usr/share/texlive/texmf-dist/tex/generic/pgf/modules/pgfmodulebending.code.te
x
File: pgfmodulebending.code.tex 2021/05/15 v3.1.9a (3.1.9a)

(/usr/share/texlive/texmf-dist/tex/generic/pgf/modules/pgfmodulenonlineartransf
ormations.code.tex
File: pgfmodulenonlineartransformations.code.tex 2021/05/15 v3.1.9a (3.1.9a)
\pgftransformnonlinearflatness=\dimen418
)
(/usr/share/texlive/texmf-dist/tex/generic/pgf/libraries/pgflibrarycurvilinear.
code.tex
File: pgflibrarycurvilinear.code.tex 2021/05/15 v3.1.9a (3.1.9a)
\pgf@curvilinear@time@a=\dimen419
\pgf@curvilinear@length@a=\dimen420
\pgf@curvilinear@length@b=\dimen421
\pgf@curvilinear@length@c=\dimen422
\pgf@curvilinear@length@d=\dimen423
)
\pgf@arrows@the@rigidity=\dimen424
))
(/usr/share/texlive/texmf-dist/tex/generic/pgf/frontendlayer/tikz/libraries/tik
zlibraryfpu.code.tex)
(/usr/share/texlive/texmf-dist/tex/generic/circuitikz/pgfcirc.defines.tex
\pgf@circ@count@a=\count469
\pgf@circ@count@b=\count470
\pgf@circ@count@c=\count471
\pgf@circ@res@up=\dimen425
\pgf@circ@res@down=\dimen426
\pgf@circ@res@zero=\dimen427
\pgf@circ@res@left=\dimen428
\pgf@circ@res@right=\dimen429
\pgf@circ@res@other=\dimen430
\pgf@circ@res@step=\dimen431
\pgf@circ@res@temp=\dimen432
\pgf@circ@Rlen=\dimen433
\pgf@circ@scaled@Rlen=\dimen434
\pgfstartlinewidth=\dimen435
)
(/usr/share/texlive/texmf-dist/tex/generic/circuitikz/pgfcircutils.tex
\ctikz@scratchbox=\box148
)
(/usr/share/texlive/texmf-dist/tex/generic/circuitikz/pgfcircpath.tex)
(/usr/share/texlive/texmf-dist/tex/generic/circuitikz/pgfcircshapes.tex)
(/usr/share/texlive/texmf-dist/tex/generic/circuitikz/pgfcircmonopoles.tex)
(/usr/share/texlive/texmf-dist/tex/generic/circuitikz/pgfcircbipoles.tex)
(/usr/share/texlive/texmf-dist/tex/generic/circuitikz/pgfcirctripoles.tex
\pgf@circ@res@count=\count472
)
(/usr/share/texlive/texmf-dist/tex/generic/circuitikz/pgfcircquadpoles.tex)
(/usr/share/texlive/texmf-dist/tex/generic/circuitikz/pgfcircmultipoles.tex)
(/usr/share/texlive/texmf-dist/tex/generic/circuitikz/pgfcirclabel.tex)
(/usr/share/texlive/texmf-dist/tex/generic/circuitikz/pgfcircvoltage.tex
\pgfcirc@labelshift=\dimen436
)
(/usr/share/texlive/texmf-dist/tex/generic/circuitikz/pgfcirccurrent.tex)
(/usr/share/texlive/texmf-dist/tex/generic/circuitikz/pgfcircflow.tex))
(/usr/share/texlive/texmf-dist/tex/latex/pgf/frontendlayer/libraries/tikzlibrar
yexternal.code.tex
(/usr/share/texlive/texmf-dist/tex/generic/pgf/frontendlayer/tikz/libraries/tik
zexternalshared.code.tex))

LaTeX Warning: Unused global option(s):
    [AMA,STIX1COL].

(./article.aux)
\openout1 = article.aux

LaTeX Font Info:    Checking defaults for OML/cmm/m/it on input line 43.
LaTeX Font Info:    ... okay on input line 43.
LaTeX Font Info:    Checking defaults for OMS/cmsy/m/n on input line 43.
LaTeX Font Info:    ... okay on input line 43.
LaTeX Font Info:    Checking defaults for OT1/cmr/m/n on input line 43.
LaTeX Font Info:    ... okay on input line 43.
LaTeX Font Info:    Checking defaults for T1/cmr/m/n on input line 43.
LaTeX Font Info:    ... okay on input line 43.
LaTeX Font Info:    Checking defaults for TS1/cmr/m/n on input line 43.
LaTeX Font Info:    Trying to load font information for TS1+cmr on input line 4
3.
 (/usr/share/texlive/texmf-dist/tex/latex/base/ts1cmr.fd
File: ts1cmr.fd 2019/12/16 v2.5j Standard LaTeX font definitions
)
LaTeX Font Info:    ... okay on input line 43.
LaTeX Font Info:    Checking defaults for TU/lmr/m/n on input line 43.
LaTeX Font Info:    ... okay on input line 43.
LaTeX Font Info:    Checking defaults for OMX/cmex/m/n on input line 43.
LaTeX Font Info:    ... okay on input line 43.
LaTeX Font Info:    Checking defaults for U/cmr/m/n on input line 43.
LaTeX Font Info:    ... okay on input line 43.
LaTeX Font Info:    Checking defaults for PD1/pdf/m/n on input line 43.
LaTeX Font Info:    ... okay on input line 43.
LaTeX Font Info:    Checking defaults for PU/pdf/m/n on input line 43.
LaTeX Font Info:    ... okay on input line 43.
LaTeX Font Info:    Checking defaults for LS1/stix/m/n on input line 43.
LaTeX Font Info:    Trying to load font information for LS1+stix on input line 
43.

(/usr/share/texlive/texmf-dist/tex/latex/stix/ls1stix.fd
File: ls1stix.fd 2015/04/17 v1.1.2-latex STIX LS1 font definitions
)
LaTeX Font Info:    ... okay on input line 43.
LaTeX Font Info:    Checking defaults for LS2/stix/m/n on input line 43.
LaTeX Font Info:    Trying to load font information for LS2+stix on input line 
43.

(/usr/share/texlive/texmf-dist/tex/latex/stix/ls2stix.fd
File: ls2stix.fd 2015/04/17 v1.1.2-latex STIX LS2 font definitions
)
LaTeX Font Info:    ... okay on input line 43.

(/usr/share/texlive/texmf-dist/tex/context/base/mkii/supp-pdf.mkii
[Loading MPS to PDF converter (version 2006.09.02).]
\scratchcounter=\count473
\scratchdimen=\dimen437
\scratchbox=\box149
\nofMPsegments=\count474
\nofMParguments=\count475
\everyMPshowfont=\toks66
\MPscratchCnt=\count476
\MPscratchDim=\dimen438
\MPnumerator=\count477
\makeMPintoPDFobject=\count478
\everyMPtoPDFconversion=\toks67
) (/usr/share/texlive/texmf-dist/tex/latex/epstopdf-pkg/epstopdf-base.sty
Package: epstopdf-base 2020-01-24 v2.11 Base part for package epstopdf

(/usr/share/texlive/texmf-dist/tex/latex/grfext/grfext.sty
Package: grfext 2019/12/03 v1.3 Manage graphics extensions (HO)
)
Package epstopdf-base Info: Redefining graphics rule for `.eps' on input line 4
85.
Package grfext Info: Graphics extension search list:
(grfext)             [.pdf,.png,.jpg,.mps,.jpeg,.jbig2,.jb2,.PDF,.PNG,.JPG,.JPE
G,.JBIG2,.JB2,.eps]
(grfext)             \AppendGraphicsExtensions on input line 504.

(/usr/share/texlive/texmf-dist/tex/latex/latexconfig/epstopdf-sys.cfg
File: epstopdf-sys.cfg 2010/07/13 v1.3 Configuration of (r)epstopdf for TeX Liv
e
))
Package caption Info: Begin \AtBeginDocument code.
Package caption Info: hyperref package is loaded.
Package caption Info: listings package is loaded.
Package caption Info: wrapfig package is loaded.
Package caption Info: End \AtBeginDocument code.
Package hyperref Info: Link coloring OFF on input line 43.

*geometry* driver: auto-detecting
*geometry* detected driver: luatex
*geometry* verbose mode - [ preamble ] result:
* driver: luatex
* paper: custom
* layout: <same size as paper>
* layoutoffset:(h,v)=(0.0pt,0.0pt)
* hratio: 1:1
* vratio: 1:1
* modes: twoside 
* h-part:(L,W,R)=(45.0pt, 507.50787pt, 45.0pt)
* v-part:(T,H,B)=(57.5pt, 668.79605pt, 59.0pt)
* \paperwidth=597.50787pt
* \paperheight=785.29605pt
* \textwidth=507.50787pt
* \textheight=668.79605pt
* \oddsidemargin=-27.26999pt
* \evensidemargin=-27.26999pt
* \topmargin=-46.76999pt
* \headheight=21.0pt
* \headsep=11.0pt
* \topskip=6.0pt
* \footskip=48.5pt
* \marginparwidth=0.0pt
* \marginparsep=0.0pt
* \columnsep=0.0pt
* \skip\footins=18.0pt plus 2.0pt minus 2.0pt
* \hoffset=0.0pt
* \voffset=0.0pt
* \mag=1000
* \@twocolumnfalse
* \@twosidetrue
* \@mparswitchtrue
* \@reversemarginfalse
* (1in=72.27pt=25.4mm, 1cm=28.453pt)

LaTeX Info: Command `\dddot' is already robust on input line 43.
LaTeX Info: Command `\ddddot' is already robust on input line 43.
\c@lstlisting=\count479

Package pgfplots Warning: running in backwards compatibility mode (unsuitable t
ick labels; missing features). Consider writing \pgfplotsset{compat=1.18} into 
your preamble.
 on input line 43.


(/usr/share/texlive/texmf-dist/tex/latex/translations/translations-basic-dictio
nary-english.trsl
File: translations-basic-dictionary-english.trsl (english translation file `tra
nslations-basic-dictionary')
)
Package translations Info: loading dictionary `translations-basic-dictionary' f
or `english'. on input line 43.
LaTeX Font Info:    Trying to load font information for LS1+stixscr on input li
ne 63.
 (/usr/share/texlive/texmf-dist/tex/latex/stix/ls1stixscr.fd
File: ls1stixscr.fd 2015/04/17 v1.1.2-latex STIX script LS1 font definitions
)
LaTeX Font Info:    Trying to load font information for LS2+stixex on input lin
e 63.
(/usr/share/texlive/texmf-dist/tex/latex/stix/ls2stixex.fd
File: ls2stixex.fd 2015/04/17 v1.1.2-latex STIX extentions LS2 font definitions

)
LaTeX Font Info:    Trying to load font information for LS1+stixfrak on input l
ine 63.

(/usr/share/texlive/texmf-dist/tex/latex/stix/ls1stixfrak.fd
File: ls1stixfrak.fd 2015/04/17 v1.1.2-latex STIX fraktur LS1 font definitions
)
LaTeX Font Info:    Trying to load font information for LS1+stixbb on input lin
e 63.

(/usr/share/texlive/texmf-dist/tex/latex/stix/ls1stixbb.fd
File: ls1stixbb.fd 2015/04/17 v1.1.2-latex STIX blackboard LS1 font definitions

)
LaTeX Font Info:    Trying to load font information for LS2+stixcal on input li
ne 63.

(/usr/share/texlive/texmf-dist/tex/latex/stix/ls2stixcal.fd
File: ls2stixcal.fd 2015/04/17 v1.1.2-latex STIX calligraphic LS2 font definiti
ons
)
LaTeX Font Info:    Trying to load font information for LS1+stixsf on input lin
e 63.

(/usr/share/texlive/texmf-dist/tex/latex/stix/ls1stixsf.fd
File: ls1stixsf.fd 2015/04/17 v1.1.2-latex STIX sans-serif LS1 font definitions

)
LaTeX Font Info:    Trying to load font information for LS2+stixtt on input lin
e 63.

(/usr/share/texlive/texmf-dist/tex/latex/stix/ls2stixtt.fd
File: ls2stixtt.fd 2015/04/17 v1.1.2-latex STIX typewriter LS2 font definitions

)
Overfull \hbox (346.99213pt too wide) in paragraph at lines 63--63
[][] | || []|[][] 
 []

LaTeX Font Info:    Calculating math sizes for size <10.03749> on input line 63
.

Overfull \vbox (6.46347pt too high) has occurred while \output is active []


[1{/var/lib/texmf/fonts/map/pdftex/updmap/pdftex.map}


\openout3 = article.pag
] [2
warning  (pdf backend): ignoring duplicate destination with the name 'equation.2
.2'

warning  (pdf backend): ignoring duplicate destination with the name 'equation.2
.3'
]
<vcr.pdf, id=80, 163.61125pt x 87.32625pt>
File: vcr.pdf Graphic file (type pdf)
<use vcr.pdf>
Package luatex.def Info: vcr.pdf  used on input line 144.
(luatex.def)             Requested size: 177.63084pt x 94.8093pt.

warning  (pdf backend): ignoring duplicate destination with the name 'equation.2
.1'

warning  (pdf backend): ignoring duplicate destination with the name 'equation.2
.2'
[3<./vcr.pdf>]

Package hyperref Warning: No autoref name for `Appendix' on input line 198.

[4] [5
warning  (pdf backend): ignoring duplicate destination with the name 'equation.3
.1'

warning  (pdf backend): ignoring duplicate destination with the name 'equation.3
.2'
]
warning  (pdf backend): ignoring duplicate destination with the name 'equation.3
.1'

warning  (pdf backend): ignoring duplicate destination with the name 'equation.3
.2'
<do1.pdf, id=203, 257.96375pt x 93.34875pt>
File: do1.pdf Graphic file (type pdf)
<use do1.pdf>
Package luatex.def Info: do1.pdf  used on input line 294.
(luatex.def)             Requested size: 253.75394pt x 91.82869pt.
[6<./do1.pdf>]
warning  (pdf backend): ignoring duplicate destination with the name 'equation.3
.1'

warning  (pdf backend): ignoring duplicate destination with the name 'equation.3
.2'
<do2.pdf, id=232, 241.90375pt x 93.34875pt>
File: do2.pdf Graphic file (type pdf)
<use do2.pdf>
Package luatex.def Info: do2.pdf  used on input line 428.
(luatex.def)             Requested size: 253.75394pt x 97.92648pt.
[7<./do2.pdf>]
<ial.pdf, id=257, 328.22626pt x 131.49126pt>
File: ial.pdf Graphic file (type pdf)
<use ial.pdf>
Package luatex.def Info: ial.pdf  used on input line 519.
(luatex.def)             Requested size: 355.25395pt x 142.32141pt.
 [8<./ial.pdf>] [9] [10]
<do1_solution_phi.pdf, id=328, 234.8775pt x 189.70876pt>
File: do1_solution_phi.pdf Graphic file (type pdf)
<use do1_solution_phi.pdf>
Package luatex.def Info: do1_solution_phi.pdf  used on input line 605.
(luatex.def)             Requested size: 203.00005pt x 163.96265pt.
<do1_solution_i_L.pdf, id=329, 235.88126pt x 189.70876pt>
File: do1_solution_i_L.pdf Graphic file (type pdf)
<use do1_solution_i_L.pdf>
Package luatex.def Info: do1_solution_i_L.pdf  used on input line 605.
(luatex.def)             Requested size: 203.00005pt x 163.26501pt.
<do1_convergence.pdf, id=334, 235.88126pt x 190.7125pt>
File: do1_convergence.pdf Graphic file (type pdf)
<use do1_convergence.pdf>
Package luatex.def Info: do1_convergence.pdf  used on input line 613.
(luatex.def)             Requested size: 203.00005pt x 164.12885pt.
<do1_error_phi_3.pdf, id=340, 234.8775pt x 201.75375pt>
File: do1_error_phi_3.pdf Graphic file (type pdf)
<use do1_error_phi_3.pdf>
Package luatex.def Info: do1_error_phi_3.pdf  used on input line 622.
(luatex.def)             Requested size: 203.00005pt x 174.37297pt.
<do1_error_i_L.pdf, id=341, 234.8775pt x 201.75375pt>
File: do1_error_i_L.pdf Graphic file (type pdf)
<use do1_error_i_L.pdf>
Package luatex.def Info: do1_error_i_L.pdf  used on input line 622.
(luatex.def)             Requested size: 203.00005pt x 174.37297pt.
 [11<./do1_solution_phi.pdf><./do1_solution_i_L.pdf><./do1_convergence.pdf>]
<do1_error_phi_2.pdf, id=399, 234.8775pt x 201.75375pt>
File: do1_error_phi_2.pdf Graphic file (type pdf)
<use do1_error_phi_2.pdf>
Package luatex.def Info: do1_error_phi_2.pdf  used on input line 630.
(luatex.def)             Requested size: 203.00005pt x 174.37297pt.
<do1_consistency.pdf, id=400, 235.88126pt x 189.70876pt>
File: do1_consistency.pdf Graphic file (type pdf)
<use do1_consistency.pdf>
Package luatex.def Info: do1_consistency.pdf  used on input line 630.
(luatex.def)             Requested size: 203.00005pt x 163.26501pt.
 [12<./do1_error_phi_3.pdf><./do1_error_i_L.pdf><./do1_error_phi_2.pdf><./do1_co
nsistency.pdf>]
<do2_solution_phi.pdf, id=492, 234.8775pt x 189.70876pt>
File: do2_solution_phi.pdf Graphic file (type pdf)
<use do2_solution_phi.pdf>
Package luatex.def Info: do2_solution_phi.pdf  used on input line 653.
(luatex.def)             Requested size: 203.00005pt x 163.96265pt.
<do2_convergence.pdf, id=493, 235.88126pt x 190.7125pt>
File: do2_convergence.pdf Graphic file (type pdf)
<use do2_convergence.pdf>
Package luatex.def Info: do2_convergence.pdf  used on input line 653.
(luatex.def)             Requested size: 203.00005pt x 164.12885pt.
<do2_error_phi_3.pdf, id=498, 234.8775pt x 201.75375pt>
File: do2_error_phi_3.pdf Graphic file (type pdf)
<use do2_error_phi_3.pdf>
Package luatex.def Info: do2_error_phi_3.pdf  used on input line 662.
(luatex.def)             Requested size: 203.00005pt x 174.37297pt.
<do2_error_phi_2.pdf, id=499, 234.8775pt x 201.75375pt>
File: do2_error_phi_2.pdf Graphic file (type pdf)
<use do2_error_phi_2.pdf>
Package luatex.def Info: do2_error_phi_2.pdf  used on input line 662.
(luatex.def)             Requested size: 203.00005pt x 174.37297pt.
 [13<./do2_solution_phi.pdf><./do2_convergence.pdf>]
<do2_consistency.pdf, id=545, 235.88126pt x 189.70876pt>
File: do2_consistency.pdf Graphic file (type pdf)
<use do2_consistency.pdf>
Package luatex.def Info: do2_consistency.pdf  used on input line 683.
(luatex.def)             Requested size: 203.00005pt x 163.26501pt.
<fwr2.pdf, id=548, 237.88875pt x 117.43875pt>
File: fwr2.pdf Graphic file (type pdf)
<use fwr2.pdf>
Package luatex.def Info: fwr2.pdf  used on input line 692.
(luatex.def)             Requested size: 253.75394pt x 125.2765pt.
 [14<./do2_error_phi_3.pdf><./do2_error_phi_2.pdf><./do2_consistency.pdf>]
<fwr2_solution_v34.pdf, id=608, 234.8775pt x 201.75375pt>
File: fwr2_solution_v34.pdf Graphic file (type pdf)
<use fwr2_solution_v34.pdf>
Package luatex.def Info: fwr2_solution_v34.pdf  used on input line 700.
(luatex.def)             Requested size: 203.00005pt x 174.37297pt.
<fwr2_solution_i_L_1.pdf, id=609, 235.88126pt x 189.70876pt>
File: fwr2_solution_i_L_1.pdf Graphic file (type pdf)
<use fwr2_solution_i_L_1.pdf>
Package luatex.def Info: fwr2_solution_i_L_1.pdf  used on input line 700.
(luatex.def)             Requested size: 203.00005pt x 163.26501pt.
<fwr2_solution_phi.pdf, id=617, 237.88875pt x 189.70876pt>
File: fwr2_solution_phi.pdf Graphic file (type pdf)
<use fwr2_solution_phi.pdf>
Package luatex.def Info: fwr2_solution_phi.pdf  used on input line 719.
(luatex.def)             Requested size: 203.00005pt x 161.89293pt.
<fwr2_solution_i_L_2.pdf, id=618, 235.88126pt x 189.70876pt>
File: fwr2_solution_i_L_2.pdf Graphic file (type pdf)
<use fwr2_solution_i_L_2.pdf>
Package luatex.def Info: fwr2_solution_i_L_2.pdf  used on input line 719.
(luatex.def)             Requested size: 203.00005pt x 163.26501pt.
 [15<./fwr2.pdf><./fwr2_solution_v34.pdf><./fwr2_solution_i_L_1.pdf>]
<fwr2_error_phi.pdf, id=676, 234.8775pt x 201.75375pt>
File: fwr2_error_phi.pdf Graphic file (type pdf)
<use fwr2_error_phi.pdf>
Package luatex.def Info: fwr2_error_phi.pdf  used on input line 727.
(luatex.def)             Requested size: 203.00005pt x 174.37297pt.
<fwr2_error_i_L.pdf, id=677, 234.8775pt x 201.75375pt>
File: fwr2_error_i_L.pdf Graphic file (type pdf)
<use fwr2_error_i_L.pdf>
Package luatex.def Info: fwr2_error_i_L.pdf  used on input line 727.
(luatex.def)             Requested size: 203.00005pt x 174.37297pt.
 [16<./fwr2_solution_phi.pdf><./fwr2_solution_i_L_2.pdf><./fwr2_error_phi.pdf><.
/fwr2_error_i_L.pdf>]
<fwr2_consistency.pdf, id=774, 235.88126pt x 189.70876pt>
File: fwr2_consistency.pdf Graphic file (type pdf)
<use fwr2_consistency.pdf>
Package luatex.def Info: fwr2_consistency.pdf  used on input line 755.
(luatex.def)             Requested size: 203.00005pt x 163.26501pt.
 [17<./fwr2_consistency.pdf>] [18]
(./article.bbl [19]) [20]
<cortes.jpg, id=833, 231.7458pt x 308.352pt>
File: cortes.jpg Graphic file (type jpg)
<use cortes.jpg>
Package luatex.def Info: cortes.jpg  used on input line 856.
(luatex.def)             Requested size: 65.99872pt x 85.9992pt.
File: cortes.jpg Graphic file (type jpg)
<use cortes.jpg>
Package luatex.def Info: cortes.jpg  used on input line 856.
(luatex.def)             Requested size: 65.99872pt x 85.9992pt.

warning  (file forster.jpg) (readjpg): Exif resolution 300dpi x 300dpi differs f
rom the input resolution 299dpi x 299dpi
<forster.jpg, id=834, 99.4917pt x 127.9179pt>
File: forster.jpg Graphic file (type jpg)
<use forster.jpg>
Package luatex.def Info: forster.jpg  used on input line 859.
(luatex.def)             Requested size: 66.00325pt x 86.00122pt.
File: forster.jpg Graphic file (type jpg)
<use forster.jpg>
Package luatex.def Info: forster.jpg  used on input line 859.
(luatex.def)             Requested size: 66.00325pt x 86.00122pt.
<jansen.jpg, id=835, 284.56313pt x 369.84172pt>
File: jansen.jpg Graphic file (type jpg)
<use jansen.jpg>
Package luatex.def Info: jansen.jpg  used on input line 862.
(luatex.def)             Requested size: 65.99957pt x 85.9986pt.
File: jansen.jpg Graphic file (type jpg)
<use jansen.jpg>
Package luatex.def Info: jansen.jpg  used on input line 862.
(luatex.def)             Requested size: 65.99957pt x 85.9986pt.

warning  (file schilders.jpg) (readjpg): Bad Exif resolution 0dpi x 0dpi (zero o
r negative value of a signed integer)
<schilders.jpg, id=836, 495.56572pt x 660.75429pt>
File: schilders.jpg Graphic file (type jpg)
<use schilders.jpg>
Package luatex.def Info: schilders.jpg  used on input line 865.
(luatex.def)             Requested size: 65.99863pt x 85.9918pt.
File: schilders.jpg Graphic file (type jpg)
<use schilders.jpg>
Package luatex.def Info: schilders.jpg  used on input line 865.
(luatex.def)             Requested size: 65.99863pt x 85.9918pt.
<schoeps.jpg, id=837, 99.9735pt x 128.3997pt>
File: schoeps.jpg Graphic file (type jpg)
<use schoeps.jpg>
Package luatex.def Info: schoeps.jpg  used on input line 868.
(luatex.def)             Requested size: 66.00253pt x 85.99991pt.
File: schoeps.jpg Graphic file (type jpg)
<use schoeps.jpg>
Package luatex.def Info: schoeps.jpg  used on input line 868.
(luatex.def)             Requested size: 66.00253pt x 85.99991pt.
[21

<./cortes.jpg><./forster.jpg
warning  (readjpg): Exif resolution 300dpi x 300dpi differs from the input resol
ution 299dpi x 299dpi
><./jansen.jpg><./schilders.jpg
warning  (readjpg): Bad Exif resolution 0dpi x 0dpi (zero or negative value of a
 signed integer)
><./schoeps.jpg>] (./article.aux))

Here is how much of LuaTeX's memory you used:
 64012 strings out of 478457
 195350,2373549 words of node,token memory allocated
 6832 words of node memory still in use:
   7 hlist, 2 vlist, 2 rule, 4 glue, 651 kern, 1 penalty, 2 sub_mlist, 8 glyph, 
959 attribute, 83 glue_spec, 481 attribute_list, 2 write, 3 pdf_action nodes
   avail lists: 1:3,2:1734,3:280,4:76,5:1126,6:70,7:12348,8:159,9:1913,10:37,11:
1101
 81998 multiletter control sequences out of 65536+600000
 147 fonts using 11265543 bytes
 114i,19n,103p,1564b,963s stack positions out of 10000i,1000n,20000p,200000b,200000s
{/usr/share/texlive/texmf-dist/fonts/enc/dvips/stix/stix-t1.enc}</usr/share/texl
ive/texmf-dist/fonts/type1/public/stix/STIXGeneral-Bold.pfb></usr/share/texlive/
texmf-dist/fonts/type1/public/stix/STIXGeneral-Italic.pfb></usr/share/texlive/te
xmf-dist/fonts/type1/public/stix/STIXGeneral-Regular.pfb></usr/share/texlive/tex
mf-dist/fonts/type1/public/stix/stix-mathbb.pfb></usr/share/texlive/texmf-dist/f
onts/type1/public/stix/stix-mathcal.pfb></usr/share/texlive/texmf-dist/fonts/typ
e1/public/stix/stix-mathex.pfb></usr/share/texlive/texmf-dist/fonts/type1/public
/stix/stix-mathfrak.pfb></usr/share/texlive/texmf-dist/fonts/type1/public/stix/s
tix-mathit-bold.pfb></usr/share/texlive/texmf-dist/fonts/type1/public/stix/stix-
mathit.pfb></usr/share/texlive/texmf-dist/fonts/type1/public/stix/stix-mathrm-bo
ld.pfb></usr/share/texlive/texmf-dist/fonts/type1/public/stix/stix-mathrm.pfb></
usr/share/texlive/texmf-dist/fonts/type1/public/stix/stix-mathscr.pfb></usr/shar
e/texlive/texmf-dist/fonts/type1/public/stix/stix-mathsf.pfb>
Output written on article.pdf (21 pages, 4042999 bytes).

PDF statistics: 947 PDF objects out of 1000 (max. 8388607)
 768 compressed objects within 8 object streams
 123 named destinations out of 1000 (max. 131072)
 144 words of extra memory for PDF output out of 10000 (max. 100000000)

